{"meta": {"format": 3, "version": "7.8.2", "timestamp": "2025-05-30T04:17:22.838305", "branch_coverage": false, "show_contexts": false}, "files": {"tripsage_core/__init__.py": {"executed_lines": [1, 24, 27, 28, 29, 36], "summary": {"covered_lines": 5, "num_statements": 5, "percent_covered": 100.0, "percent_covered_display": "100", "missing_lines": 0, "excluded_lines": 0}, "missing_lines": [], "excluded_lines": [], "functions": {"": {"executed_lines": [1, 24, 27, 28, 29, 36], "summary": {"covered_lines": 5, "num_statements": 5, "percent_covered": 100.0, "percent_covered_display": "100", "missing_lines": 0, "excluded_lines": 0}, "missing_lines": [], "excluded_lines": []}}, "classes": {"": {"executed_lines": [1, 24, 27, 28, 29, 36], "summary": {"covered_lines": 5, "num_statements": 5, "percent_covered": 100.0, "percent_covered_display": "100", "missing_lines": 0, "excluded_lines": 0}, "missing_lines": [], "excluded_lines": []}}}, "tripsage_core/config/__init__.py": {"executed_lines": [1, 3, 10], "summary": {"covered_lines": 2, "num_statements": 2, "percent_covered": 100.0, "percent_covered_display": "100", "missing_lines": 0, "excluded_lines": 0}, "missing_lines": [], "excluded_lines": [], "functions": {"": {"executed_lines": [1, 3, 10], "summary": {"covered_lines": 2, "num_statements": 2, "percent_covered": 100.0, "percent_covered_display": "100", "missing_lines": 0, "excluded_lines": 0}, "missing_lines": [], "excluded_lines": []}}, "classes": {"": {"executed_lines": [1, 3, 10], "summary": {"covered_lines": 2, "num_statements": 2, "percent_covered": 100.0, "percent_covered_display": "100", "missing_lines": 0, "excluded_lines": 0}, "missing_lines": [], "excluded_lines": []}}}, "tripsage_core/config/base_app_settings.py": {"executed_lines": [1, 8, 9, 10, 11, 13, 14, 18, 19, 21, 24, 25, 26, 29, 32, 35, 38, 39, 42, 43, 44, 45, 48, 49, 50, 53, 56, 61, 62, 65, 68, 71, 76, 85, 88, 93, 96, 101, 102, 107, 108, 111, 114, 117, 122, 125, 128, 133, 136, 139, 144, 145, 150, 151, 154, 157, 160, 161, 162, 167, 170, 171, 174, 177, 180, 181, 184, 185, 187, 188, 189, 190, 191, 192, 194, 204, 214, 215, 218, 219, 222, 227, 228, 229, 232, 233, 234, 237, 238, 240, 241, 244, 245, 249, 252, 255, 258, 264, 265, 272, 281, 282, 283, 286, 289, 295, 299, 306, 311, 314, 317, 322, 325, 330, 335, 336, 337, 338, 339, 340, 341, 342, 344, 345, 346, 348, 349, 351, 353, 354, 355, 357, 358, 360, 362, 366, 370, 374, 389, 444, 445, 452, 456, 459], "summary": {"covered_lines": 134, "num_statements": 182, "percent_covered": 73.62637362637362, "percent_covered_display": "74", "missing_lines": 48, "excluded_lines": 2}, "missing_lines": [350, 359, 364, 368, 372, 384, 385, 386, 387, 396, 399, 400, 403, 404, 405, 406, 409, 414, 415, 417, 418, 420, 421, 424, 425, 427, 428, 431, 434, 436, 439, 441, 473, 476, 477, 480, 481, 482, 483, 484, 487, 488, 489, 490, 491, 492, 494, 495], "excluded_lines": [410, 411], "functions": {"CoreAppSettings.validate_environment": {"executed_lines": [348, 349, 351], "summary": {"covered_lines": 3, "num_statements": 4, "percent_covered": 75.0, "percent_covered_display": "75", "missing_lines": 1, "excluded_lines": 0}, "missing_lines": [350], "excluded_lines": []}, "CoreAppSettings.validate_log_level": {"executed_lines": [357, 358, 360], "summary": {"covered_lines": 3, "num_statements": 4, "percent_covered": 75.0, "percent_covered_display": "75", "missing_lines": 1, "excluded_lines": 0}, "missing_lines": [359], "excluded_lines": []}, "CoreAppSettings.is_production": {"executed_lines": [], "summary": {"covered_lines": 0, "num_statements": 1, "percent_covered": 0.0, "percent_covered_display": "0", "missing_lines": 1, "excluded_lines": 0}, "missing_lines": [364], "excluded_lines": []}, "CoreAppSettings.is_development": {"executed_lines": [], "summary": {"covered_lines": 0, "num_statements": 1, "percent_covered": 0.0, "percent_covered_display": "0", "missing_lines": 1, "excluded_lines": 0}, "missing_lines": [368], "excluded_lines": []}, "CoreAppSettings.is_testing": {"executed_lines": [], "summary": {"covered_lines": 0, "num_statements": 1, "percent_covered": 0.0, "percent_covered_display": "0", "missing_lines": 1, "excluded_lines": 0}, "missing_lines": [372], "excluded_lines": []}, "CoreAppSettings.get_secret_value": {"executed_lines": [], "summary": {"covered_lines": 0, "num_statements": 4, "percent_covered": 0.0, "percent_covered_display": "0", "missing_lines": 4, "excluded_lines": 0}, "missing_lines": [384, 385, 386, 387], "excluded_lines": []}, "CoreAppSettings.validate_critical_settings": {"executed_lines": [], "summary": {"covered_lines": 0, "num_statements": 23, "percent_covered": 0.0, "percent_covered_display": "0", "missing_lines": 23, "excluded_lines": 2}, "missing_lines": [396, 399, 400, 403, 404, 405, 406, 409, 414, 415, 417, 418, 420, 421, 424, 425, 427, 428, 431, 434, 436, 439, 441], "excluded_lines": [410, 411]}, "get_settings": {"executed_lines": [452], "summary": {"covered_lines": 1, "num_statements": 1, "percent_covered": 100.0, "percent_covered_display": "100", "missing_lines": 0, "excluded_lines": 0}, "missing_lines": [], "excluded_lines": []}, "init_settings": {"executed_lines": [], "summary": {"covered_lines": 0, "num_statements": 16, "percent_covered": 0.0, "percent_covered_display": "0", "missing_lines": 16, "excluded_lines": 0}, "missing_lines": [473, 476, 477, 480, 481, 482, 483, 484, 487, 488, 489, 490, 491, 492, 494, 495], "excluded_lines": []}, "": {"executed_lines": [1, 8, 9, 10, 11, 13, 14, 18, 19, 21, 24, 25, 26, 29, 32, 35, 38, 39, 42, 43, 44, 45, 48, 49, 50, 53, 56, 61, 62, 65, 68, 71, 76, 85, 88, 93, 96, 101, 102, 107, 108, 111, 114, 117, 122, 125, 128, 133, 136, 139, 144, 145, 150, 151, 154, 157, 160, 161, 162, 167, 170, 171, 174, 177, 180, 181, 184, 185, 187, 188, 189, 190, 191, 192, 194, 204, 214, 215, 218, 219, 222, 227, 228, 229, 232, 233, 234, 237, 238, 240, 241, 244, 245, 249, 252, 255, 258, 264, 265, 272, 281, 282, 283, 286, 289, 295, 299, 306, 311, 314, 317, 322, 325, 330, 335, 336, 337, 338, 339, 340, 341, 342, 344, 345, 346, 353, 354, 355, 362, 366, 370, 374, 389, 444, 445, 456, 459], "summary": {"covered_lines": 127, "num_statements": 127, "percent_covered": 100.0, "percent_covered_display": "100", "missing_lines": 0, "excluded_lines": 0}, "missing_lines": [], "excluded_lines": []}}, "classes": {"DragonflyConfig": {"executed_lines": [], "summary": {"covered_lines": 0, "num_statements": 0, "percent_covered": 100.0, "percent_covered_display": "100", "missing_lines": 0, "excluded_lines": 0}, "missing_lines": [], "excluded_lines": []}, "DatabaseConfig": {"executed_lines": [], "summary": {"covered_lines": 0, "num_statements": 0, "percent_covered": 100.0, "percent_covered_display": "100", "missing_lines": 0, "excluded_lines": 0}, "missing_lines": [], "excluded_lines": []}, "Mem0Config": {"executed_lines": [], "summary": {"covered_lines": 0, "num_statements": 0, "percent_covered": 100.0, "percent_covered_display": "100", "missing_lines": 0, "excluded_lines": 0}, "missing_lines": [], "excluded_lines": []}, "LangGraphConfig": {"executed_lines": [], "summary": {"covered_lines": 0, "num_statements": 0, "percent_covered": 100.0, "percent_covered_display": "100", "missing_lines": 0, "excluded_lines": 0}, "missing_lines": [], "excluded_lines": []}, "Crawl4AIConfig": {"executed_lines": [], "summary": {"covered_lines": 0, "num_statements": 0, "percent_covered": 100.0, "percent_covered_display": "100", "missing_lines": 0, "excluded_lines": 0}, "missing_lines": [], "excluded_lines": []}, "AgentConfig": {"executed_lines": [], "summary": {"covered_lines": 0, "num_statements": 0, "percent_covered": 100.0, "percent_covered_display": "100", "missing_lines": 0, "excluded_lines": 0}, "missing_lines": [], "excluded_lines": []}, "FeatureFlags": {"executed_lines": [], "summary": {"covered_lines": 0, "num_statements": 0, "percent_covered": 100.0, "percent_covered_display": "100", "missing_lines": 0, "excluded_lines": 0}, "missing_lines": [], "excluded_lines": []}, "OpenTelemetryConfig": {"executed_lines": [], "summary": {"covered_lines": 0, "num_statements": 0, "percent_covered": 100.0, "percent_covered_display": "100", "missing_lines": 0, "excluded_lines": 0}, "missing_lines": [], "excluded_lines": []}, "CoreAppSettings": {"executed_lines": [348, 349, 351, 357, 358, 360], "summary": {"covered_lines": 6, "num_statements": 38, "percent_covered": 15.789473684210526, "percent_covered_display": "16", "missing_lines": 32, "excluded_lines": 2}, "missing_lines": [350, 359, 364, 368, 372, 384, 385, 386, 387, 396, 399, 400, 403, 404, 405, 406, 409, 414, 415, 417, 418, 420, 421, 424, 425, 427, 428, 431, 434, 436, 439, 441], "excluded_lines": [410, 411]}, "": {"executed_lines": [1, 8, 9, 10, 11, 13, 14, 18, 19, 21, 24, 25, 26, 29, 32, 35, 38, 39, 42, 43, 44, 45, 48, 49, 50, 53, 56, 61, 62, 65, 68, 71, 76, 85, 88, 93, 96, 101, 102, 107, 108, 111, 114, 117, 122, 125, 128, 133, 136, 139, 144, 145, 150, 151, 154, 157, 160, 161, 162, 167, 170, 171, 174, 177, 180, 181, 184, 185, 187, 188, 189, 190, 191, 192, 194, 204, 214, 215, 218, 219, 222, 227, 228, 229, 232, 233, 234, 237, 238, 240, 241, 244, 245, 249, 252, 255, 258, 264, 265, 272, 281, 282, 283, 286, 289, 295, 299, 306, 311, 314, 317, 322, 325, 330, 335, 336, 337, 338, 339, 340, 341, 342, 344, 345, 346, 353, 354, 355, 362, 366, 370, 374, 389, 444, 445, 452, 456, 459], "summary": {"covered_lines": 128, "num_statements": 144, "percent_covered": 88.88888888888889, "percent_covered_display": "89", "missing_lines": 16, "excluded_lines": 0}, "missing_lines": [473, 476, 477, 480, 481, 482, 483, 484, 487, 488, 489, 490, 491, 492, 494, 495], "excluded_lines": []}}}, "tripsage_core/exceptions/__init__.py": {"executed_lines": [1, 8, 36], "summary": {"covered_lines": 2, "num_statements": 2, "percent_covered": 100.0, "percent_covered_display": "100", "missing_lines": 0, "excluded_lines": 0}, "missing_lines": [], "excluded_lines": [], "functions": {"": {"executed_lines": [1, 8, 36], "summary": {"covered_lines": 2, "num_statements": 2, "percent_covered": 100.0, "percent_covered_display": "100", "missing_lines": 0, "excluded_lines": 0}, "missing_lines": [], "excluded_lines": []}}, "classes": {"": {"executed_lines": [1, 8, 36], "summary": {"covered_lines": 2, "num_statements": 2, "percent_covered": 100.0, "percent_covered_display": "100", "missing_lines": 0, "excluded_lines": 0}, "missing_lines": [], "excluded_lines": []}}}, "tripsage_core/exceptions/exceptions.py": {"executed_lines": [1, 9, 10, 11, 13, 14, 17, 18, 21, 22, 24, 25, 26, 27, 28, 29, 34, 35, 43, 72, 86, 90, 101, 102, 104, 125, 126, 128, 150, 151, 153, 174, 175, 177, 220, 221, 223, 255, 256, 258, 290, 291, 293, 326, 327, 329, 366, 367, 369, 413, 414, 416, 459, 460, 462, 499, 522, 542, 565, 614, 633, 646, 653, 660, 667, 675], "summary": {"covered_lines": 51, "num_statements": 172, "percent_covered": 29.651162790697676, "percent_covered_display": "30", "missing_lines": 121, "excluded_lines": 8}, "missing_lines": [58, 59, 60, 63, 64, 65, 66, 68, 70, 78, 88, 117, 141, 166, 197, 198, 199, 200, 202, 203, 211, 239, 240, 241, 242, 244, 245, 247, 274, 275, 276, 277, 279, 280, 282, 309, 310, 311, 312, 314, 315, 317, 347, 348, 349, 350, 352, 353, 354, 355, 357, 389, 390, 391, 392, 394, 395, 396, 397, 404, 436, 437, 438, 439, 441, 442, 443, 444, 451, 480, 481, 482, 483, 485, 486, 487, 488, 490, 508, 509, 511, 534, 536, 537, 539, 557, 558, 559, 560, 561, 562, 581, 582, 583, 584, 585, 586, 587, 588, 589, 590, 591, 593, 594, 595, 596, 597, 598, 599, 600, 601, 602, 605, 606, 608, 610, 642, 650, 657, 664, 671], "excluded_lines": [90, 91, 92, 93, 94, 95, 96, 97], "functions": {"CoreTripSageError.__init__": {"executed_lines": [], "summary": {"covered_lines": 0, "num_statements": 9, "percent_covered": 0.0, "percent_covered_display": "0", "missing_lines": 9, "excluded_lines": 0}, "missing_lines": [58, 59, 60, 63, 64, 65, 66, 68, 70], "excluded_lines": []}, "CoreTripSageError.to_dict": {"executed_lines": [], "summary": {"covered_lines": 0, "num_statements": 1, "percent_covered": 0.0, "percent_covered_display": "0", "missing_lines": 1, "excluded_lines": 0}, "missing_lines": [78], "excluded_lines": []}, "CoreTripSageError.__str__": {"executed_lines": [], "summary": {"covered_lines": 0, "num_statements": 1, "percent_covered": 0.0, "percent_covered_display": "0", "missing_lines": 1, "excluded_lines": 0}, "missing_lines": [88], "excluded_lines": []}, "CoreTripSageError.__repr__": {"executed_lines": [], "summary": {"covered_lines": 0, "num_statements": 0, "percent_covered": 100.0, "percent_covered_display": "100", "missing_lines": 0, "excluded_lines": 7}, "missing_lines": [], "excluded_lines": [91, 92, 93, 94, 95, 96, 97]}, "CoreAuthenticationError.__init__": {"executed_lines": [], "summary": {"covered_lines": 0, "num_statements": 1, "percent_covered": 0.0, "percent_covered_display": "0", "missing_lines": 1, "excluded_lines": 0}, "missing_lines": [117], "excluded_lines": []}, "CoreAuthorizationError.__init__": {"executed_lines": [], "summary": {"covered_lines": 0, "num_statements": 1, "percent_covered": 0.0, "percent_covered_display": "0", "missing_lines": 1, "excluded_lines": 0}, "missing_lines": [141], "excluded_lines": []}, "CoreResourceNotFoundError.__init__": {"executed_lines": [], "summary": {"covered_lines": 0, "num_statements": 1, "percent_covered": 0.0, "percent_covered_display": "0", "missing_lines": 1, "excluded_lines": 0}, "missing_lines": [166], "excluded_lines": []}, "CoreValidationError.__init__": {"executed_lines": [], "summary": {"covered_lines": 0, "num_statements": 7, "percent_covered": 0.0, "percent_covered_display": "0", "missing_lines": 7, "excluded_lines": 0}, "missing_lines": [197, 198, 199, 200, 202, 203, 211], "excluded_lines": []}, "CoreServiceError.__init__": {"executed_lines": [], "summary": {"covered_lines": 0, "num_statements": 7, "percent_covered": 0.0, "percent_covered_display": "0", "missing_lines": 7, "excluded_lines": 0}, "missing_lines": [239, 240, 241, 242, 244, 245, 247], "excluded_lines": []}, "CoreRateLimitError.__init__": {"executed_lines": [], "summary": {"covered_lines": 0, "num_statements": 7, "percent_covered": 0.0, "percent_covered_display": "0", "missing_lines": 7, "excluded_lines": 0}, "missing_lines": [274, 275, 276, 277, 279, 280, 282], "excluded_lines": []}, "CoreKeyValidationError.__init__": {"executed_lines": [], "summary": {"covered_lines": 0, "num_statements": 7, "percent_covered": 0.0, "percent_covered_display": "0", "missing_lines": 7, "excluded_lines": 0}, "missing_lines": [309, 310, 311, 312, 314, 315, 317], "excluded_lines": []}, "CoreDatabaseError.__init__": {"executed_lines": [], "summary": {"covered_lines": 0, "num_statements": 9, "percent_covered": 0.0, "percent_covered_display": "0", "missing_lines": 9, "excluded_lines": 0}, "missing_lines": [347, 348, 349, 350, 352, 353, 354, 355, 357], "excluded_lines": []}, "CoreExternalAPIError.__init__": {"executed_lines": [], "summary": {"covered_lines": 0, "num_statements": 9, "percent_covered": 0.0, "percent_covered_display": "0", "missing_lines": 9, "excluded_lines": 0}, "missing_lines": [389, 390, 391, 392, 394, 395, 396, 397, 404], "excluded_lines": []}, "CoreMCPError.__init__": {"executed_lines": [], "summary": {"covered_lines": 0, "num_statements": 9, "percent_covered": 0.0, "percent_covered_display": "0", "missing_lines": 9, "excluded_lines": 0}, "missing_lines": [436, 437, 438, 439, 441, 442, 443, 444, 451], "excluded_lines": []}, "CoreAgentError.__init__": {"executed_lines": [], "summary": {"covered_lines": 0, "num_statements": 9, "percent_covered": 0.0, "percent_covered_display": "0", "missing_lines": 9, "excluded_lines": 0}, "missing_lines": [480, 481, 482, 483, 485, 486, 487, 488, 490], "excluded_lines": []}, "format_exception": {"executed_lines": [], "summary": {"covered_lines": 0, "num_statements": 3, "percent_covered": 0.0, "percent_covered_display": "0", "missing_lines": 3, "excluded_lines": 0}, "missing_lines": [508, 509, 511], "excluded_lines": []}, "create_error_response": {"executed_lines": [], "summary": {"covered_lines": 0, "num_statements": 4, "percent_covered": 0.0, "percent_covered_display": "0", "missing_lines": 4, "excluded_lines": 0}, "missing_lines": [534, 536, 537, 539], "excluded_lines": []}, "safe_execute": {"executed_lines": [], "summary": {"covered_lines": 0, "num_statements": 6, "percent_covered": 0.0, "percent_covered_display": "0", "missing_lines": 6, "excluded_lines": 0}, "missing_lines": [557, 558, 559, 560, 561, 562], "excluded_lines": []}, "with_error_handling": {"executed_lines": [], "summary": {"covered_lines": 0, "num_statements": 3, "percent_covered": 0.0, "percent_covered_display": "0", "missing_lines": 3, "excluded_lines": 0}, "missing_lines": [581, 582, 610], "excluded_lines": []}, "with_error_handling.decorator": {"executed_lines": [], "summary": {"covered_lines": 0, "num_statements": 6, "percent_covered": 0.0, "percent_covered_display": "0", "missing_lines": 6, "excluded_lines": 0}, "missing_lines": [583, 593, 594, 605, 606, 608], "excluded_lines": []}, "with_error_handling.decorator.sync_wrapper": {"executed_lines": [], "summary": {"covered_lines": 0, "num_statements": 8, "percent_covered": 0.0, "percent_covered_display": "0", "missing_lines": 8, "excluded_lines": 0}, "missing_lines": [584, 585, 586, 587, 588, 589, 590, 591], "excluded_lines": []}, "with_error_handling.decorator.async_wrapper": {"executed_lines": [], "summary": {"covered_lines": 0, "num_statements": 8, "percent_covered": 0.0, "percent_covered_display": "0", "missing_lines": 8, "excluded_lines": 0}, "missing_lines": [595, 596, 597, 598, 599, 600, 601, 602], "excluded_lines": []}, "get_core_exception": {"executed_lines": [], "summary": {"covered_lines": 0, "num_statements": 1, "percent_covered": 0.0, "percent_covered_display": "0", "missing_lines": 1, "excluded_lines": 0}, "missing_lines": [642], "excluded_lines": []}, "create_authentication_error": {"executed_lines": [], "summary": {"covered_lines": 0, "num_statements": 1, "percent_covered": 0.0, "percent_covered_display": "0", "missing_lines": 1, "excluded_lines": 0}, "missing_lines": [650], "excluded_lines": []}, "create_authorization_error": {"executed_lines": [], "summary": {"covered_lines": 0, "num_statements": 1, "percent_covered": 0.0, "percent_covered_display": "0", "missing_lines": 1, "excluded_lines": 0}, "missing_lines": [657], "excluded_lines": []}, "create_validation_error": {"executed_lines": [], "summary": {"covered_lines": 0, "num_statements": 1, "percent_covered": 0.0, "percent_covered_display": "0", "missing_lines": 1, "excluded_lines": 0}, "missing_lines": [664], "excluded_lines": []}, "create_not_found_error": {"executed_lines": [], "summary": {"covered_lines": 0, "num_statements": 1, "percent_covered": 0.0, "percent_covered_display": "0", "missing_lines": 1, "excluded_lines": 0}, "missing_lines": [671], "excluded_lines": []}, "": {"executed_lines": [1, 9, 10, 11, 13, 14, 17, 18, 21, 22, 24, 25, 26, 27, 28, 29, 34, 35, 43, 72, 86, 90, 101, 102, 104, 125, 126, 128, 150, 151, 153, 174, 175, 177, 220, 221, 223, 255, 256, 258, 290, 291, 293, 326, 327, 329, 366, 367, 369, 413, 414, 416, 459, 460, 462, 499, 522, 542, 565, 614, 633, 646, 653, 660, 667, 675], "summary": {"covered_lines": 51, "num_statements": 51, "percent_covered": 100.0, "percent_covered_display": "100", "missing_lines": 0, "excluded_lines": 1}, "missing_lines": [], "excluded_lines": [90]}}, "classes": {"ErrorDetails": {"executed_lines": [], "summary": {"covered_lines": 0, "num_statements": 0, "percent_covered": 100.0, "percent_covered_display": "100", "missing_lines": 0, "excluded_lines": 0}, "missing_lines": [], "excluded_lines": []}, "CoreTripSageError": {"executed_lines": [], "summary": {"covered_lines": 0, "num_statements": 11, "percent_covered": 0.0, "percent_covered_display": "0", "missing_lines": 11, "excluded_lines": 7}, "missing_lines": [58, 59, 60, 63, 64, 65, 66, 68, 70, 78, 88], "excluded_lines": [91, 92, 93, 94, 95, 96, 97]}, "CoreAuthenticationError": {"executed_lines": [], "summary": {"covered_lines": 0, "num_statements": 1, "percent_covered": 0.0, "percent_covered_display": "0", "missing_lines": 1, "excluded_lines": 0}, "missing_lines": [117], "excluded_lines": []}, "CoreAuthorizationError": {"executed_lines": [], "summary": {"covered_lines": 0, "num_statements": 1, "percent_covered": 0.0, "percent_covered_display": "0", "missing_lines": 1, "excluded_lines": 0}, "missing_lines": [141], "excluded_lines": []}, "CoreResourceNotFoundError": {"executed_lines": [], "summary": {"covered_lines": 0, "num_statements": 1, "percent_covered": 0.0, "percent_covered_display": "0", "missing_lines": 1, "excluded_lines": 0}, "missing_lines": [166], "excluded_lines": []}, "CoreValidationError": {"executed_lines": [], "summary": {"covered_lines": 0, "num_statements": 7, "percent_covered": 0.0, "percent_covered_display": "0", "missing_lines": 7, "excluded_lines": 0}, "missing_lines": [197, 198, 199, 200, 202, 203, 211], "excluded_lines": []}, "CoreServiceError": {"executed_lines": [], "summary": {"covered_lines": 0, "num_statements": 7, "percent_covered": 0.0, "percent_covered_display": "0", "missing_lines": 7, "excluded_lines": 0}, "missing_lines": [239, 240, 241, 242, 244, 245, 247], "excluded_lines": []}, "CoreRateLimitError": {"executed_lines": [], "summary": {"covered_lines": 0, "num_statements": 7, "percent_covered": 0.0, "percent_covered_display": "0", "missing_lines": 7, "excluded_lines": 0}, "missing_lines": [274, 275, 276, 277, 279, 280, 282], "excluded_lines": []}, "CoreKeyValidationError": {"executed_lines": [], "summary": {"covered_lines": 0, "num_statements": 7, "percent_covered": 0.0, "percent_covered_display": "0", "missing_lines": 7, "excluded_lines": 0}, "missing_lines": [309, 310, 311, 312, 314, 315, 317], "excluded_lines": []}, "CoreDatabaseError": {"executed_lines": [], "summary": {"covered_lines": 0, "num_statements": 9, "percent_covered": 0.0, "percent_covered_display": "0", "missing_lines": 9, "excluded_lines": 0}, "missing_lines": [347, 348, 349, 350, 352, 353, 354, 355, 357], "excluded_lines": []}, "CoreExternalAPIError": {"executed_lines": [], "summary": {"covered_lines": 0, "num_statements": 9, "percent_covered": 0.0, "percent_covered_display": "0", "missing_lines": 9, "excluded_lines": 0}, "missing_lines": [389, 390, 391, 392, 394, 395, 396, 397, 404], "excluded_lines": []}, "CoreMCPError": {"executed_lines": [], "summary": {"covered_lines": 0, "num_statements": 9, "percent_covered": 0.0, "percent_covered_display": "0", "missing_lines": 9, "excluded_lines": 0}, "missing_lines": [436, 437, 438, 439, 441, 442, 443, 444, 451], "excluded_lines": []}, "CoreAgentError": {"executed_lines": [], "summary": {"covered_lines": 0, "num_statements": 9, "percent_covered": 0.0, "percent_covered_display": "0", "missing_lines": 9, "excluded_lines": 0}, "missing_lines": [480, 481, 482, 483, 485, 486, 487, 488, 490], "excluded_lines": []}, "": {"executed_lines": [1, 9, 10, 11, 13, 14, 17, 18, 21, 22, 24, 25, 26, 27, 28, 29, 34, 35, 43, 72, 86, 90, 101, 102, 104, 125, 126, 128, 150, 151, 153, 174, 175, 177, 220, 221, 223, 255, 256, 258, 290, 291, 293, 326, 327, 329, 366, 367, 369, 413, 414, 416, 459, 460, 462, 499, 522, 542, 565, 614, 633, 646, 653, 660, 667, 675], "summary": {"covered_lines": 51, "num_statements": 94, "percent_covered": 54.255319148936174, "percent_covered_display": "54", "missing_lines": 43, "excluded_lines": 1}, "missing_lines": [508, 509, 511, 534, 536, 537, 539, 557, 558, 559, 560, 561, 562, 581, 582, 583, 584, 585, 586, 587, 588, 589, 590, 591, 593, 594, 595, 596, 597, 598, 599, 600, 601, 602, 605, 606, 608, 610, 642, 650, 657, 664, 671], "excluded_lines": [90]}}}, "tripsage_core/models/__init__.py": {"executed_lines": [1, 27, 35, 74, 90], "summary": {"covered_lines": 4, "num_statements": 4, "percent_covered": 100.0, "percent_covered_display": "100", "missing_lines": 0, "excluded_lines": 0}, "missing_lines": [], "excluded_lines": [], "functions": {"": {"executed_lines": [1, 27, 35, 74, 90], "summary": {"covered_lines": 4, "num_statements": 4, "percent_covered": 100.0, "percent_covered_display": "100", "missing_lines": 0, "excluded_lines": 0}, "missing_lines": [], "excluded_lines": []}}, "classes": {"": {"executed_lines": [1, 27, 35, 74, 90], "summary": {"covered_lines": 4, "num_statements": 4, "percent_covered": 100.0, "percent_covered_display": "100", "missing_lines": 0, "excluded_lines": 0}, "missing_lines": [], "excluded_lines": []}}}, "tripsage_core/models/base.py": {"executed_lines": [], "summary": {"covered_lines": 0, "num_statements": 8, "percent_covered": 0.0, "percent_covered_display": "0", "missing_lines": 8, "excluded_lines": 0}, "missing_lines": [9, 11, 14, 19, 27, 30, 33, 36], "excluded_lines": [], "functions": {"": {"executed_lines": [], "summary": {"covered_lines": 0, "num_statements": 8, "percent_covered": 0.0, "percent_covered_display": "0", "missing_lines": 8, "excluded_lines": 0}, "missing_lines": [9, 11, 14, 19, 27, 30, 33, 36], "excluded_lines": []}}, "classes": {"TripSageModel": {"executed_lines": [], "summary": {"covered_lines": 0, "num_statements": 0, "percent_covered": 100.0, "percent_covered_display": "100", "missing_lines": 0, "excluded_lines": 0}, "missing_lines": [], "excluded_lines": []}, "TripSageBaseResponse": {"executed_lines": [], "summary": {"covered_lines": 0, "num_statements": 0, "percent_covered": 100.0, "percent_covered_display": "100", "missing_lines": 0, "excluded_lines": 0}, "missing_lines": [], "excluded_lines": []}, "": {"executed_lines": [], "summary": {"covered_lines": 0, "num_statements": 8, "percent_covered": 0.0, "percent_covered_display": "0", "missing_lines": 8, "excluded_lines": 0}, "missing_lines": [9, 11, 14, 19, 27, 30, 33, 36], "excluded_lines": []}}}, "tripsage_core/models/base_core_model.py": {"executed_lines": [1, 9, 12, 13, 26, 33, 34, 40, 47, 48, 55, 63, 64, 70], "summary": {"covered_lines": 9, "num_statements": 9, "percent_covered": 100.0, "percent_covered_display": "100", "missing_lines": 0, "excluded_lines": 0}, "missing_lines": [], "excluded_lines": [], "functions": {"": {"executed_lines": [1, 9, 12, 13, 26, 33, 34, 40, 47, 48, 55, 63, 64, 70], "summary": {"covered_lines": 9, "num_statements": 9, "percent_covered": 100.0, "percent_covered_display": "100", "missing_lines": 0, "excluded_lines": 0}, "missing_lines": [], "excluded_lines": []}}, "classes": {"TripSageModel": {"executed_lines": [], "summary": {"covered_lines": 0, "num_statements": 0, "percent_covered": 100.0, "percent_covered_display": "100", "missing_lines": 0, "excluded_lines": 0}, "missing_lines": [], "excluded_lines": []}, "TripSageBaseResponse": {"executed_lines": [], "summary": {"covered_lines": 0, "num_statements": 0, "percent_covered": 100.0, "percent_covered_display": "100", "missing_lines": 0, "excluded_lines": 0}, "missing_lines": [], "excluded_lines": []}, "TripSageDomainModel": {"executed_lines": [], "summary": {"covered_lines": 0, "num_statements": 0, "percent_covered": 100.0, "percent_covered_display": "100", "missing_lines": 0, "excluded_lines": 0}, "missing_lines": [], "excluded_lines": []}, "TripSageDBModel": {"executed_lines": [], "summary": {"covered_lines": 0, "num_statements": 0, "percent_covered": 100.0, "percent_covered_display": "100", "missing_lines": 0, "excluded_lines": 0}, "missing_lines": [], "excluded_lines": []}, "": {"executed_lines": [1, 9, 12, 13, 26, 33, 34, 40, 47, 48, 55, 63, 64, 70], "summary": {"covered_lines": 9, "num_statements": 9, "percent_covered": 100.0, "percent_covered_display": "100", "missing_lines": 0, "excluded_lines": 0}, "missing_lines": [], "excluded_lines": []}}}, "tripsage_core/models/db/__init__.py": {"executed_lines": [1, 10, 15, 20, 23, 33, 38, 43, 50, 51, 56, 59, 62, 68, 69, 72, 73, 75], "summary": {"covered_lines": 17, "num_statements": 17, "percent_covered": 100.0, "percent_covered_display": "100", "missing_lines": 0, "excluded_lines": 0}, "missing_lines": [], "excluded_lines": [], "functions": {"": {"executed_lines": [1, 10, 15, 20, 23, 33, 38, 43, 50, 51, 56, 59, 62, 68, 69, 72, 73, 75], "summary": {"covered_lines": 17, "num_statements": 17, "percent_covered": 100.0, "percent_covered_display": "100", "missing_lines": 0, "excluded_lines": 0}, "missing_lines": [], "excluded_lines": []}}, "classes": {"": {"executed_lines": [1, 10, 15, 20, 23, 33, 38, 43, 50, 51, 56, 59, 62, 68, 69, 72, 73, 75], "summary": {"covered_lines": 17, "num_statements": 17, "percent_covered": 100.0, "percent_covered_display": "100", "missing_lines": 0, "excluded_lines": 0}, "missing_lines": [], "excluded_lines": []}}}, "tripsage_core/models/db/accommodation.py": {"executed_lines": [1, 7, 8, 9, 11, 13, 16, 17, 19, 20, 21, 22, 23, 24, 25, 28, 29, 31, 32, 33, 34, 37, 38, 40, 41, 42, 43, 44, 45, 46, 49, 50, 72, 73, 74, 75, 78, 79, 80, 83, 86, 87, 88, 89, 92, 95, 98, 101, 104, 106, 107, 108, 114, 115, 116, 122, 123, 124, 130, 131, 137, 138, 153, 154, 158, 159, 164, 165, 169, 170, 174, 175, 183, 184, 188, 189, 193, 194, 198, 199, 203, 204, 219, 223, 229, 238], "summary": {"covered_lines": 81, "num_statements": 128, "percent_covered": 63.28125, "percent_covered_display": "63", "missing_lines": 47, "excluded_lines": 0}, "missing_lines": [110, 111, 112, 118, 119, 120, 126, 127, 128, 133, 134, 135, 140, 141, 142, 144, 149, 151, 156, 162, 167, 172, 177, 186, 191, 196, 201, 206, 207, 211, 212, 214, 215, 217, 221, 225, 226, 227, 232, 233, 234, 236, 248, 263, 264, 265, 266], "excluded_lines": [], "functions": {"Accommodation.validate_price": {"executed_lines": [], "summary": {"covered_lines": 0, "num_statements": 3, "percent_covered": 0.0, "percent_covered_display": "0", "missing_lines": 3, "excluded_lines": 0}, "missing_lines": [110, 111, 112], "excluded_lines": []}, "Accommodation.validate_rating": {"executed_lines": [], "summary": {"covered_lines": 0, "num_statements": 3, "percent_covered": 0.0, "percent_covered_display": "0", "missing_lines": 3, "excluded_lines": 0}, "missing_lines": [118, 119, 120], "excluded_lines": []}, "Accommodation.validate_distance": {"executed_lines": [], "summary": {"covered_lines": 0, "num_statements": 3, "percent_covered": 0.0, "percent_covered_display": "0", "missing_lines": 3, "excluded_lines": 0}, "missing_lines": [126, 127, 128], "excluded_lines": []}, "Accommodation.validate_dates": {"executed_lines": [], "summary": {"covered_lines": 0, "num_statements": 3, "percent_covered": 0.0, "percent_covered_display": "0", "missing_lines": 3, "excluded_lines": 0}, "missing_lines": [133, 134, 135], "excluded_lines": []}, "Accommodation.validate_total_price": {"executed_lines": [], "summary": {"covered_lines": 0, "num_statements": 6, "percent_covered": 0.0, "percent_covered_display": "0", "missing_lines": 6, "excluded_lines": 0}, "missing_lines": [140, 141, 142, 144, 149, 151], "excluded_lines": []}, "Accommodation.duration_nights": {"executed_lines": [], "summary": {"covered_lines": 0, "num_statements": 1, "percent_covered": 0.0, "percent_covered_display": "0", "missing_lines": 1, "excluded_lines": 0}, "missing_lines": [156], "excluded_lines": []}, "Accommodation.price_with_taxes": {"executed_lines": [], "summary": {"covered_lines": 0, "num_statements": 1, "percent_covered": 0.0, "percent_covered_display": "0", "missing_lines": 1, "excluded_lines": 0}, "missing_lines": [162], "excluded_lines": []}, "Accommodation.is_booked": {"executed_lines": [], "summary": {"covered_lines": 0, "num_statements": 1, "percent_covered": 0.0, "percent_covered_display": "0", "missing_lines": 1, "excluded_lines": 0}, "missing_lines": [167], "excluded_lines": []}, "Accommodation.is_canceled": {"executed_lines": [], "summary": {"covered_lines": 0, "num_statements": 1, "percent_covered": 0.0, "percent_covered_display": "0", "missing_lines": 1, "excluded_lines": 0}, "missing_lines": [172], "excluded_lines": []}, "Accommodation.is_active": {"executed_lines": [], "summary": {"covered_lines": 0, "num_statements": 1, "percent_covered": 0.0, "percent_covered_display": "0", "missing_lines": 1, "excluded_lines": 0}, "missing_lines": [177], "excluded_lines": []}, "Accommodation.has_free_cancellation": {"executed_lines": [], "summary": {"covered_lines": 0, "num_statements": 1, "percent_covered": 0.0, "percent_covered_display": "0", "missing_lines": 1, "excluded_lines": 0}, "missing_lines": [186], "excluded_lines": []}, "Accommodation.has_flexible_cancellation": {"executed_lines": [], "summary": {"covered_lines": 0, "num_statements": 1, "percent_covered": 0.0, "percent_covered_display": "0", "missing_lines": 1, "excluded_lines": 0}, "missing_lines": [191], "excluded_lines": []}, "Accommodation.is_refundable": {"executed_lines": [], "summary": {"covered_lines": 0, "num_statements": 1, "percent_covered": 0.0, "percent_covered_display": "0", "missing_lines": 1, "excluded_lines": 0}, "missing_lines": [196], "excluded_lines": []}, "Accommodation.stay_duration": {"executed_lines": [], "summary": {"covered_lines": 0, "num_statements": 1, "percent_covered": 0.0, "percent_covered_display": "0", "missing_lines": 1, "excluded_lines": 0}, "missing_lines": [201], "excluded_lines": []}, "Accommodation.amenities_list": {"executed_lines": [], "summary": {"covered_lines": 0, "num_statements": 7, "percent_covered": 0.0, "percent_covered_display": "0", "missing_lines": 7, "excluded_lines": 0}, "missing_lines": [206, 207, 211, 212, 214, 215, 217], "excluded_lines": []}, "Accommodation.book": {"executed_lines": [], "summary": {"covered_lines": 0, "num_statements": 1, "percent_covered": 0.0, "percent_covered_display": "0", "missing_lines": 1, "excluded_lines": 0}, "missing_lines": [221], "excluded_lines": []}, "Accommodation.cancel": {"executed_lines": [], "summary": {"covered_lines": 0, "num_statements": 3, "percent_covered": 0.0, "percent_covered_display": "0", "missing_lines": 3, "excluded_lines": 0}, "missing_lines": [225, 226, 227], "excluded_lines": []}, "Accommodation.can_cancel": {"executed_lines": [], "summary": {"covered_lines": 0, "num_statements": 4, "percent_covered": 0.0, "percent_covered_display": "0", "missing_lines": 4, "excluded_lines": 0}, "missing_lines": [232, 233, 234, 236], "excluded_lines": []}, "Accommodation.update_status": {"executed_lines": [], "summary": {"covered_lines": 0, "num_statements": 5, "percent_covered": 0.0, "percent_covered_display": "0", "missing_lines": 5, "excluded_lines": 0}, "missing_lines": [248, 263, 264, 265, 266], "excluded_lines": []}, "": {"executed_lines": [1, 7, 8, 9, 11, 13, 16, 17, 19, 20, 21, 22, 23, 24, 25, 28, 29, 31, 32, 33, 34, 37, 38, 40, 41, 42, 43, 44, 45, 46, 49, 50, 72, 73, 74, 75, 78, 79, 80, 83, 86, 87, 88, 89, 92, 95, 98, 101, 104, 106, 107, 108, 114, 115, 116, 122, 123, 124, 130, 131, 137, 138, 153, 154, 158, 159, 164, 165, 169, 170, 174, 175, 183, 184, 188, 189, 193, 194, 198, 199, 203, 204, 219, 223, 229, 238], "summary": {"covered_lines": 81, "num_statements": 81, "percent_covered": 100.0, "percent_covered_display": "100", "missing_lines": 0, "excluded_lines": 0}, "missing_lines": [], "excluded_lines": []}}, "classes": {"AccommodationType": {"executed_lines": [], "summary": {"covered_lines": 0, "num_statements": 0, "percent_covered": 100.0, "percent_covered_display": "100", "missing_lines": 0, "excluded_lines": 0}, "missing_lines": [], "excluded_lines": []}, "BookingStatus": {"executed_lines": [], "summary": {"covered_lines": 0, "num_statements": 0, "percent_covered": 100.0, "percent_covered_display": "100", "missing_lines": 0, "excluded_lines": 0}, "missing_lines": [], "excluded_lines": []}, "CancellationPolicy": {"executed_lines": [], "summary": {"covered_lines": 0, "num_statements": 0, "percent_covered": 100.0, "percent_covered_display": "100", "missing_lines": 0, "excluded_lines": 0}, "missing_lines": [], "excluded_lines": []}, "Accommodation": {"executed_lines": [], "summary": {"covered_lines": 0, "num_statements": 47, "percent_covered": 0.0, "percent_covered_display": "0", "missing_lines": 47, "excluded_lines": 0}, "missing_lines": [110, 111, 112, 118, 119, 120, 126, 127, 128, 133, 134, 135, 140, 141, 142, 144, 149, 151, 156, 162, 167, 172, 177, 186, 191, 196, 201, 206, 207, 211, 212, 214, 215, 217, 221, 225, 226, 227, 232, 233, 234, 236, 248, 263, 264, 265, 266], "excluded_lines": []}, "": {"executed_lines": [1, 7, 8, 9, 11, 13, 16, 17, 19, 20, 21, 22, 23, 24, 25, 28, 29, 31, 32, 33, 34, 37, 38, 40, 41, 42, 43, 44, 45, 46, 49, 50, 72, 73, 74, 75, 78, 79, 80, 83, 86, 87, 88, 89, 92, 95, 98, 101, 104, 106, 107, 108, 114, 115, 116, 122, 123, 124, 130, 131, 137, 138, 153, 154, 158, 159, 164, 165, 169, 170, 174, 175, 183, 184, 188, 189, 193, 194, 198, 199, 203, 204, 219, 223, 229, 238], "summary": {"covered_lines": 81, "num_statements": 81, "percent_covered": 100.0, "percent_covered_display": "100", "missing_lines": 0, "excluded_lines": 0}, "missing_lines": [], "excluded_lines": []}}}, "tripsage_core/models/db/api_key.py": {"executed_lines": [1, 7, 8, 9, 11, 14, 15, 21, 44, 45, 46, 51, 56, 57, 62, 63, 66, 70, 74, 79, 80, 81, 95, 96, 97, 106, 118, 123, 124, 126, 142, 143, 148, 153, 154, 159, 165, 166, 168, 181, 187, 192, 196], "summary": {"covered_lines": 39, "num_statements": 53, "percent_covered": 73.58490566037736, "percent_covered_display": "74", "missing_lines": 14, "excluded_lines": 0}, "missing_lines": [86, 88, 89, 93, 99, 101, 102, 103, 104, 108, 109, 111, 116, 120], "excluded_lines": [], "functions": {"ApiKeyDB.validate_service": {"executed_lines": [], "summary": {"covered_lines": 0, "num_statements": 4, "percent_covered": 0.0, "percent_covered_display": "0", "missing_lines": 4, "excluded_lines": 0}, "missing_lines": [86, 88, 89, 93], "excluded_lines": []}, "ApiKeyDB.validate_expires_at": {"executed_lines": [], "summary": {"covered_lines": 0, "num_statements": 5, "percent_covered": 0.0, "percent_covered_display": "0", "missing_lines": 5, "excluded_lines": 0}, "missing_lines": [99, 101, 102, 103, 104], "excluded_lines": []}, "ApiKeyDB.is_expired": {"executed_lines": [], "summary": {"covered_lines": 0, "num_statements": 4, "percent_covered": 0.0, "percent_covered_display": "0", "missing_lines": 4, "excluded_lines": 0}, "missing_lines": [108, 109, 111, 116], "excluded_lines": []}, "ApiKeyDB.is_usable": {"executed_lines": [], "summary": {"covered_lines": 0, "num_statements": 1, "percent_covered": 0.0, "percent_covered_display": "0", "missing_lines": 1, "excluded_lines": 0}, "missing_lines": [120], "excluded_lines": []}, "": {"executed_lines": [1, 7, 8, 9, 11, 14, 15, 21, 44, 45, 46, 51, 56, 57, 62, 63, 66, 70, 74, 79, 80, 81, 95, 96, 97, 106, 118, 123, 124, 126, 142, 143, 148, 153, 154, 159, 165, 166, 168, 181, 187, 192, 196], "summary": {"covered_lines": 39, "num_statements": 39, "percent_covered": 100.0, "percent_covered_display": "100", "missing_lines": 0, "excluded_lines": 0}, "missing_lines": [], "excluded_lines": []}}, "classes": {"ApiKeyDB": {"executed_lines": [], "summary": {"covered_lines": 0, "num_statements": 14, "percent_covered": 0.0, "percent_covered_display": "0", "missing_lines": 14, "excluded_lines": 0}, "missing_lines": [86, 88, 89, 93, 99, 101, 102, 103, 104, 108, 109, 111, 116, 120], "excluded_lines": []}, "ApiKeyCreate": {"executed_lines": [], "summary": {"covered_lines": 0, "num_statements": 0, "percent_covered": 100.0, "percent_covered_display": "100", "missing_lines": 0, "excluded_lines": 0}, "missing_lines": [], "excluded_lines": []}, "ApiKeyUpdate": {"executed_lines": [], "summary": {"covered_lines": 0, "num_statements": 0, "percent_covered": 100.0, "percent_covered_display": "100", "missing_lines": 0, "excluded_lines": 0}, "missing_lines": [], "excluded_lines": []}, "": {"executed_lines": [1, 7, 8, 9, 11, 14, 15, 21, 44, 45, 46, 51, 56, 57, 62, 63, 66, 70, 74, 79, 80, 81, 95, 96, 97, 106, 118, 123, 124, 126, 142, 143, 148, 153, 154, 159, 165, 166, 168, 181, 187, 192, 196], "summary": {"covered_lines": 39, "num_statements": 39, "percent_covered": 100.0, "percent_covered_display": "100", "missing_lines": 0, "excluded_lines": 0}, "missing_lines": [], "excluded_lines": []}}}, "tripsage_core/models/db/chat.py": {"executed_lines": [1, 7, 8, 9, 11, 14, 15, 17, 19, 20, 21, 22, 23, 24, 28, 29, 30, 39, 40, 42, 44, 45, 46, 47, 48, 49, 53, 54, 55, 62, 63, 64, 70, 71, 72, 81, 82, 84, 86, 87, 88, 91, 92, 95, 96, 97, 98, 99, 101, 102, 103, 110, 111, 112, 121, 122, 124, 125, 130, 131, 133, 137, 138, 140, 143, 144], "summary": {"covered_lines": 59, "num_statements": 85, "percent_covered": 69.41176470588235, "percent_covered_display": "69", "missing_lines": 26, "excluded_lines": 0}, "missing_lines": [32, 33, 34, 35, 36, 57, 58, 59, 60, 66, 67, 68, 74, 75, 76, 77, 78, 105, 106, 107, 108, 114, 115, 116, 117, 118], "excluded_lines": [], "functions": {"ChatSessionDB.ensure_dict": {"executed_lines": [], "summary": {"covered_lines": 0, "num_statements": 5, "percent_covered": 0.0, "percent_covered_display": "0", "missing_lines": 5, "excluded_lines": 0}, "missing_lines": [32, 33, 34, 35, 36], "excluded_lines": []}, "ChatMessageDB.validate_role": {"executed_lines": [], "summary": {"covered_lines": 0, "num_statements": 4, "percent_covered": 0.0, "percent_covered_display": "0", "missing_lines": 4, "excluded_lines": 0}, "missing_lines": [57, 58, 59, 60], "excluded_lines": []}, "ChatMessageDB.validate_content_length": {"executed_lines": [], "summary": {"covered_lines": 0, "num_statements": 3, "percent_covered": 0.0, "percent_covered_display": "0", "missing_lines": 3, "excluded_lines": 0}, "missing_lines": [66, 67, 68], "excluded_lines": []}, "ChatMessageDB.ensure_dict": {"executed_lines": [], "summary": {"covered_lines": 0, "num_statements": 5, "percent_covered": 0.0, "percent_covered_display": "0", "missing_lines": 5, "excluded_lines": 0}, "missing_lines": [74, 75, 76, 77, 78], "excluded_lines": []}, "ChatToolCallDB.validate_status": {"executed_lines": [], "summary": {"covered_lines": 0, "num_statements": 4, "percent_covered": 0.0, "percent_covered_display": "0", "missing_lines": 4, "excluded_lines": 0}, "missing_lines": [105, 106, 107, 108], "excluded_lines": []}, "ChatToolCallDB.ensure_dict_args": {"executed_lines": [], "summary": {"covered_lines": 0, "num_statements": 5, "percent_covered": 0.0, "percent_covered_display": "0", "missing_lines": 5, "excluded_lines": 0}, "missing_lines": [114, 115, 116, 117, 118], "excluded_lines": []}, "": {"executed_lines": [1, 7, 8, 9, 11, 14, 15, 17, 19, 20, 21, 22, 23, 24, 28, 29, 30, 39, 40, 42, 44, 45, 46, 47, 48, 49, 53, 54, 55, 62, 63, 64, 70, 71, 72, 81, 82, 84, 86, 87, 88, 91, 92, 95, 96, 97, 98, 99, 101, 102, 103, 110, 111, 112, 121, 122, 124, 125, 130, 131, 133, 137, 138, 140, 143, 144], "summary": {"covered_lines": 59, "num_statements": 59, "percent_covered": 100.0, "percent_covered_display": "100", "missing_lines": 0, "excluded_lines": 0}, "missing_lines": [], "excluded_lines": []}}, "classes": {"ChatSessionDB": {"executed_lines": [], "summary": {"covered_lines": 0, "num_statements": 5, "percent_covered": 0.0, "percent_covered_display": "0", "missing_lines": 5, "excluded_lines": 0}, "missing_lines": [32, 33, 34, 35, 36], "excluded_lines": []}, "ChatMessageDB": {"executed_lines": [], "summary": {"covered_lines": 0, "num_statements": 12, "percent_covered": 0.0, "percent_covered_display": "0", "missing_lines": 12, "excluded_lines": 0}, "missing_lines": [57, 58, 59, 60, 66, 67, 68, 74, 75, 76, 77, 78], "excluded_lines": []}, "ChatToolCallDB": {"executed_lines": [], "summary": {"covered_lines": 0, "num_statements": 9, "percent_covered": 0.0, "percent_covered_display": "0", "missing_lines": 9, "excluded_lines": 0}, "missing_lines": [105, 106, 107, 108, 114, 115, 116, 117, 118], "excluded_lines": []}, "ChatSessionWithStats": {"executed_lines": [], "summary": {"covered_lines": 0, "num_statements": 0, "percent_covered": 100.0, "percent_covered_display": "100", "missing_lines": 0, "excluded_lines": 0}, "missing_lines": [], "excluded_lines": []}, "MessageWithTokenEstimate": {"executed_lines": [], "summary": {"covered_lines": 0, "num_statements": 0, "percent_covered": 100.0, "percent_covered_display": "100", "missing_lines": 0, "excluded_lines": 0}, "missing_lines": [], "excluded_lines": []}, "RecentMessagesResponse": {"executed_lines": [], "summary": {"covered_lines": 0, "num_statements": 0, "percent_covered": 100.0, "percent_covered_display": "100", "missing_lines": 0, "excluded_lines": 0}, "missing_lines": [], "excluded_lines": []}, "": {"executed_lines": [1, 7, 8, 9, 11, 14, 15, 17, 19, 20, 21, 22, 23, 24, 28, 29, 30, 39, 40, 42, 44, 45, 46, 47, 48, 49, 53, 54, 55, 62, 63, 64, 70, 71, 72, 81, 82, 84, 86, 87, 88, 91, 92, 95, 96, 97, 98, 99, 101, 102, 103, 110, 111, 112, 121, 122, 124, 125, 130, 131, 133, 137, 138, 140, 143, 144], "summary": {"covered_lines": 59, "num_statements": 59, "percent_covered": 100.0, "percent_covered_display": "100", "missing_lines": 0, "excluded_lines": 0}, "missing_lines": [], "excluded_lines": []}}}, "tripsage_core/models/db/flight.py": {"executed_lines": [1, 7, 8, 9, 11, 13, 16, 17, 19, 20, 21, 22, 23, 24, 25, 26, 27, 28, 29, 30, 33, 34, 36, 37, 38, 39, 42, 43, 45, 46, 47, 48, 49, 50, 53, 54, 72, 73, 74, 75, 78, 79, 80, 81, 82, 83, 86, 89, 92, 94, 95, 96, 102, 103, 104, 110, 111, 112, 118, 119, 125, 126, 132, 133, 138, 139, 143, 144, 154, 155, 159, 160, 164, 165, 173, 182], "summary": {"covered_lines": 71, "num_statements": 102, "percent_covered": 69.6078431372549, "percent_covered_display": "70", "missing_lines": 31, "excluded_lines": 0}, "missing_lines": [98, 99, 100, 106, 107, 108, 114, 115, 116, 121, 122, 123, 128, 129, 130, 135, 136, 141, 152, 157, 162, 167, 176, 177, 178, 180, 192, 207, 208, 209, 210], "excluded_lines": [], "functions": {"Flight.validate_airport_code": {"executed_lines": [], "summary": {"covered_lines": 0, "num_statements": 3, "percent_covered": 0.0, "percent_covered_display": "0", "missing_lines": 3, "excluded_lines": 0}, "missing_lines": [98, 99, 100], "excluded_lines": []}, "Flight.validate_price": {"executed_lines": [], "summary": {"covered_lines": 0, "num_statements": 3, "percent_covered": 0.0, "percent_covered_display": "0", "missing_lines": 3, "excluded_lines": 0}, "missing_lines": [106, 107, 108], "excluded_lines": []}, "Flight.validate_segment_number": {"executed_lines": [], "summary": {"covered_lines": 0, "num_statements": 3, "percent_covered": 0.0, "percent_covered_display": "0", "missing_lines": 3, "excluded_lines": 0}, "missing_lines": [114, 115, 116], "excluded_lines": []}, "Flight.validate_dates": {"executed_lines": [], "summary": {"covered_lines": 0, "num_statements": 3, "percent_covered": 0.0, "percent_covered_display": "0", "missing_lines": 3, "excluded_lines": 0}, "missing_lines": [121, 122, 123], "excluded_lines": []}, "Flight.validate_different_airports": {"executed_lines": [], "summary": {"covered_lines": 0, "num_statements": 3, "percent_covered": 0.0, "percent_covered_display": "0", "missing_lines": 3, "excluded_lines": 0}, "missing_lines": [128, 129, 130], "excluded_lines": []}, "Flight.duration_minutes": {"executed_lines": [], "summary": {"covered_lines": 0, "num_statements": 2, "percent_covered": 0.0, "percent_covered_display": "0", "missing_lines": 2, "excluded_lines": 0}, "missing_lines": [135, 136], "excluded_lines": []}, "Flight.duration_hours": {"executed_lines": [], "summary": {"covered_lines": 0, "num_statements": 1, "percent_covered": 0.0, "percent_covered_display": "0", "missing_lines": 1, "excluded_lines": 0}, "missing_lines": [141], "excluded_lines": []}, "Flight.is_domestic": {"executed_lines": [], "summary": {"covered_lines": 0, "num_statements": 1, "percent_covered": 0.0, "percent_covered_display": "0", "missing_lines": 1, "excluded_lines": 0}, "missing_lines": [152], "excluded_lines": []}, "Flight.is_booked": {"executed_lines": [], "summary": {"covered_lines": 0, "num_statements": 1, "percent_covered": 0.0, "percent_covered_display": "0", "missing_lines": 1, "excluded_lines": 0}, "missing_lines": [157], "excluded_lines": []}, "Flight.is_canceled": {"executed_lines": [], "summary": {"covered_lines": 0, "num_statements": 1, "percent_covered": 0.0, "percent_covered_display": "0", "missing_lines": 1, "excluded_lines": 0}, "missing_lines": [162], "excluded_lines": []}, "Flight.is_active": {"executed_lines": [], "summary": {"covered_lines": 0, "num_statements": 1, "percent_covered": 0.0, "percent_covered_display": "0", "missing_lines": 1, "excluded_lines": 0}, "missing_lines": [167], "excluded_lines": []}, "Flight.can_cancel": {"executed_lines": [], "summary": {"covered_lines": 0, "num_statements": 4, "percent_covered": 0.0, "percent_covered_display": "0", "missing_lines": 4, "excluded_lines": 0}, "missing_lines": [176, 177, 178, 180], "excluded_lines": []}, "Flight.update_status": {"executed_lines": [], "summary": {"covered_lines": 0, "num_statements": 5, "percent_covered": 0.0, "percent_covered_display": "0", "missing_lines": 5, "excluded_lines": 0}, "missing_lines": [192, 207, 208, 209, 210], "excluded_lines": []}, "": {"executed_lines": [1, 7, 8, 9, 11, 13, 16, 17, 19, 20, 21, 22, 23, 24, 25, 26, 27, 28, 29, 30, 33, 34, 36, 37, 38, 39, 42, 43, 45, 46, 47, 48, 49, 50, 53, 54, 72, 73, 74, 75, 78, 79, 80, 81, 82, 83, 86, 89, 92, 94, 95, 96, 102, 103, 104, 110, 111, 112, 118, 119, 125, 126, 132, 133, 138, 139, 143, 144, 154, 155, 159, 160, 164, 165, 173, 182], "summary": {"covered_lines": 71, "num_statements": 71, "percent_covered": 100.0, "percent_covered_display": "100", "missing_lines": 0, "excluded_lines": 0}, "missing_lines": [], "excluded_lines": []}}, "classes": {"AirlineProvider": {"executed_lines": [], "summary": {"covered_lines": 0, "num_statements": 0, "percent_covered": 100.0, "percent_covered_display": "100", "missing_lines": 0, "excluded_lines": 0}, "missing_lines": [], "excluded_lines": []}, "BookingStatus": {"executed_lines": [], "summary": {"covered_lines": 0, "num_statements": 0, "percent_covered": 100.0, "percent_covered_display": "100", "missing_lines": 0, "excluded_lines": 0}, "missing_lines": [], "excluded_lines": []}, "DataSource": {"executed_lines": [], "summary": {"covered_lines": 0, "num_statements": 0, "percent_covered": 100.0, "percent_covered_display": "100", "missing_lines": 0, "excluded_lines": 0}, "missing_lines": [], "excluded_lines": []}, "Flight": {"executed_lines": [], "summary": {"covered_lines": 0, "num_statements": 31, "percent_covered": 0.0, "percent_covered_display": "0", "missing_lines": 31, "excluded_lines": 0}, "missing_lines": [98, 99, 100, 106, 107, 108, 114, 115, 116, 121, 122, 123, 128, 129, 130, 135, 136, 141, 152, 157, 162, 167, 176, 177, 178, 180, 192, 207, 208, 209, 210], "excluded_lines": []}, "": {"executed_lines": [1, 7, 8, 9, 11, 13, 16, 17, 19, 20, 21, 22, 23, 24, 25, 26, 27, 28, 29, 30, 33, 34, 36, 37, 38, 39, 42, 43, 45, 46, 47, 48, 49, 50, 53, 54, 72, 73, 74, 75, 78, 79, 80, 81, 82, 83, 86, 89, 92, 94, 95, 96, 102, 103, 104, 110, 111, 112, 118, 119, 125, 126, 132, 133, 138, 139, 143, 144, 154, 155, 159, 160, 164, 165, 173, 182], "summary": {"covered_lines": 71, "num_statements": 71, "percent_covered": 100.0, "percent_covered_display": "100", "missing_lines": 0, "excluded_lines": 0}, "missing_lines": [], "excluded_lines": []}}}, "tripsage_core/models/db/itinerary_item.py": {"executed_lines": [], "summary": {"covered_lines": 0, "num_statements": 52, "percent_covered": 0.0, "percent_covered_display": "0", "missing_lines": 52, "excluded_lines": 0}, "missing_lines": [7, 8, 9, 10, 12, 14, 17, 20, 21, 22, 23, 24, 27, 41, 42, 43, 44, 45, 48, 49, 50, 52, 53, 54, 56, 57, 58, 60, 61, 63, 65, 66, 68, 70, 71, 73, 75, 76, 78, 80, 81, 83, 85, 86, 88, 89, 90, 92, 93, 95, 96, 97], "excluded_lines": [], "functions": {"ItineraryItem.validate_cost": {"executed_lines": [], "summary": {"covered_lines": 0, "num_statements": 3, "percent_covered": 0.0, "percent_covered_display": "0", "missing_lines": 3, "excluded_lines": 0}, "missing_lines": [56, 57, 58], "excluded_lines": []}, "ItineraryItem.has_time": {"executed_lines": [], "summary": {"covered_lines": 0, "num_statements": 1, "percent_covered": 0.0, "percent_covered_display": "0", "missing_lines": 1, "excluded_lines": 0}, "missing_lines": [63], "excluded_lines": []}, "ItineraryItem.is_activity": {"executed_lines": [], "summary": {"covered_lines": 0, "num_statements": 1, "percent_covered": 0.0, "percent_covered_display": "0", "missing_lines": 1, "excluded_lines": 0}, "missing_lines": [68], "excluded_lines": []}, "ItineraryItem.is_meal": {"executed_lines": [], "summary": {"covered_lines": 0, "num_statements": 1, "percent_covered": 0.0, "percent_covered_display": "0", "missing_lines": 1, "excluded_lines": 0}, "missing_lines": [73], "excluded_lines": []}, "ItineraryItem.is_transport": {"executed_lines": [], "summary": {"covered_lines": 0, "num_statements": 1, "percent_covered": 0.0, "percent_covered_display": "0", "missing_lines": 1, "excluded_lines": 0}, "missing_lines": [78], "excluded_lines": []}, "ItineraryItem.is_accommodation": {"executed_lines": [], "summary": {"covered_lines": 0, "num_statements": 1, "percent_covered": 0.0, "percent_covered_display": "0", "missing_lines": 1, "excluded_lines": 0}, "missing_lines": [83], "excluded_lines": []}, "ItineraryItem.formatted_time": {"executed_lines": [], "summary": {"covered_lines": 0, "num_statements": 3, "percent_covered": 0.0, "percent_covered_display": "0", "missing_lines": 3, "excluded_lines": 0}, "missing_lines": [88, 89, 90], "excluded_lines": []}, "ItineraryItem.formatted_cost": {"executed_lines": [], "summary": {"covered_lines": 0, "num_statements": 3, "percent_covered": 0.0, "percent_covered_display": "0", "missing_lines": 3, "excluded_lines": 0}, "missing_lines": [95, 96, 97], "excluded_lines": []}, "": {"executed_lines": [], "summary": {"covered_lines": 0, "num_statements": 38, "percent_covered": 0.0, "percent_covered_display": "0", "missing_lines": 38, "excluded_lines": 0}, "missing_lines": [7, 8, 9, 10, 12, 14, 17, 20, 21, 22, 23, 24, 27, 41, 42, 43, 44, 45, 48, 49, 50, 52, 53, 54, 60, 61, 65, 66, 70, 71, 75, 76, 80, 81, 85, 86, 92, 93], "excluded_lines": []}}, "classes": {"ItemType": {"executed_lines": [], "summary": {"covered_lines": 0, "num_statements": 0, "percent_covered": 100.0, "percent_covered_display": "100", "missing_lines": 0, "excluded_lines": 0}, "missing_lines": [], "excluded_lines": []}, "ItineraryItem": {"executed_lines": [], "summary": {"covered_lines": 0, "num_statements": 14, "percent_covered": 0.0, "percent_covered_display": "0", "missing_lines": 14, "excluded_lines": 0}, "missing_lines": [56, 57, 58, 63, 68, 73, 78, 83, 88, 89, 90, 95, 96, 97], "excluded_lines": []}, "": {"executed_lines": [], "summary": {"covered_lines": 0, "num_statements": 38, "percent_covered": 0.0, "percent_covered_display": "0", "missing_lines": 38, "excluded_lines": 0}, "missing_lines": [7, 8, 9, 10, 12, 14, 17, 20, 21, 22, 23, 24, 27, 41, 42, 43, 44, 45, 48, 49, 50, 52, 53, 54, 60, 61, 65, 66, 70, 71, 75, 76, 80, 81, 85, 86, 92, 93], "excluded_lines": []}}}, "tripsage_core/models/db/memory.py": {"executed_lines": [1, 7, 8, 9, 11, 14, 15, 17, 37, 38, 39, 40, 44, 47, 50, 51, 54, 55, 56, 57, 61, 62, 63, 69, 70, 71, 77, 78, 79, 93, 94, 95, 101, 102, 103, 111, 112, 116, 122, 128, 133, 134, 136, 155, 156, 157, 158, 159, 160, 161, 164, 167, 171, 172, 173, 180, 181, 182, 188, 189, 190, 196, 197, 198, 204, 205, 206, 212, 213, 214, 222, 223, 227, 234, 235, 237, 239, 240, 241, 243, 244, 245, 251, 252, 253, 260, 261, 263, 277, 278, 279, 282, 285, 289, 290, 291, 297, 298, 299, 305, 306, 307, 321, 322, 323, 329, 330, 331, 340, 341, 343, 364, 365, 368, 371, 375, 376, 377, 385, 386, 387, 403, 404, 405, 412, 413, 414], "summary": {"covered_lines": 121, "num_statements": 233, "percent_covered": 51.93133047210301, "percent_covered_display": "52", "missing_lines": 112, "excluded_lines": 0}, "missing_lines": [65, 66, 67, 73, 74, 75, 81, 82, 84, 85, 86, 87, 88, 89, 90, 91, 97, 98, 99, 105, 106, 107, 108, 109, 114, 118, 119, 120, 124, 125, 126, 130, 175, 176, 177, 178, 184, 185, 186, 192, 193, 194, 200, 201, 202, 208, 209, 210, 216, 217, 218, 219, 220, 225, 229, 231, 247, 248, 249, 255, 256, 257, 293, 294, 295, 301, 302, 303, 309, 310, 312, 313, 314, 315, 316, 317, 318, 319, 325, 326, 327, 333, 334, 335, 336, 337, 379, 380, 381, 382, 383, 389, 390, 391, 393, 394, 395, 396, 397, 398, 399, 400, 401, 407, 408, 409, 410, 416, 417, 418, 419, 420], "excluded_lines": [], "functions": {"Memory.validate_memory_content": {"executed_lines": [], "summary": {"covered_lines": 0, "num_statements": 3, "percent_covered": 0.0, "percent_covered_display": "0", "missing_lines": 3, "excluded_lines": 0}, "missing_lines": [65, 66, 67], "excluded_lines": []}, "Memory.validate_user_id": {"executed_lines": [], "summary": {"covered_lines": 0, "num_statements": 3, "percent_covered": 0.0, "percent_covered_display": "0", "missing_lines": 3, "excluded_lines": 0}, "missing_lines": [73, 74, 75], "excluded_lines": []}, "Memory.validate_categories": {"executed_lines": [], "summary": {"covered_lines": 0, "num_statements": 10, "percent_covered": 0.0, "percent_covered_display": "0", "missing_lines": 10, "excluded_lines": 0}, "missing_lines": [81, 82, 84, 85, 86, 87, 88, 89, 90, 91], "excluded_lines": []}, "Memory.validate_relevance_score": {"executed_lines": [], "summary": {"covered_lines": 0, "num_statements": 3, "percent_covered": 0.0, "percent_covered_display": "0", "missing_lines": 3, "excluded_lines": 0}, "missing_lines": [97, 98, 99], "excluded_lines": []}, "Memory.ensure_dict": {"executed_lines": [], "summary": {"covered_lines": 0, "num_statements": 5, "percent_covered": 0.0, "percent_covered_display": "0", "missing_lines": 5, "excluded_lines": 0}, "missing_lines": [105, 106, 107, 108, 109], "excluded_lines": []}, "Memory.is_active": {"executed_lines": [], "summary": {"covered_lines": 0, "num_statements": 1, "percent_covered": 0.0, "percent_covered_display": "0", "missing_lines": 1, "excluded_lines": 0}, "missing_lines": [114], "excluded_lines": []}, "Memory.add_category": {"executed_lines": [], "summary": {"covered_lines": 0, "num_statements": 3, "percent_covered": 0.0, "percent_covered_display": "0", "missing_lines": 3, "excluded_lines": 0}, "missing_lines": [118, 119, 120], "excluded_lines": []}, "Memory.remove_category": {"executed_lines": [], "summary": {"covered_lines": 0, "num_statements": 3, "percent_covered": 0.0, "percent_covered_display": "0", "missing_lines": 3, "excluded_lines": 0}, "missing_lines": [124, 125, 126], "excluded_lines": []}, "Memory.update_metadata": {"executed_lines": [], "summary": {"covered_lines": 0, "num_statements": 1, "percent_covered": 0.0, "percent_covered_display": "0", "missing_lines": 1, "excluded_lines": 0}, "missing_lines": [130], "excluded_lines": []}, "SessionMemory.validate_role": {"executed_lines": [], "summary": {"covered_lines": 0, "num_statements": 4, "percent_covered": 0.0, "percent_covered_display": "0", "missing_lines": 4, "excluded_lines": 0}, "missing_lines": [175, 176, 177, 178], "excluded_lines": []}, "SessionMemory.validate_content": {"executed_lines": [], "summary": {"covered_lines": 0, "num_statements": 3, "percent_covered": 0.0, "percent_covered_display": "0", "missing_lines": 3, "excluded_lines": 0}, "missing_lines": [184, 185, 186], "excluded_lines": []}, "SessionMemory.validate_session_id": {"executed_lines": [], "summary": {"covered_lines": 0, "num_statements": 3, "percent_covered": 0.0, "percent_covered_display": "0", "missing_lines": 3, "excluded_lines": 0}, "missing_lines": [192, 193, 194], "excluded_lines": []}, "SessionMemory.validate_user_id": {"executed_lines": [], "summary": {"covered_lines": 0, "num_statements": 3, "percent_covered": 0.0, "percent_covered_display": "0", "missing_lines": 3, "excluded_lines": 0}, "missing_lines": [200, 201, 202], "excluded_lines": []}, "SessionMemory.validate_message_index": {"executed_lines": [], "summary": {"covered_lines": 0, "num_statements": 3, "percent_covered": 0.0, "percent_covered_display": "0", "missing_lines": 3, "excluded_lines": 0}, "missing_lines": [208, 209, 210], "excluded_lines": []}, "SessionMemory.ensure_dict": {"executed_lines": [], "summary": {"covered_lines": 0, "num_statements": 5, "percent_covered": 0.0, "percent_covered_display": "0", "missing_lines": 5, "excluded_lines": 0}, "missing_lines": [216, 217, 218, 219, 220], "excluded_lines": []}, "SessionMemory.is_expired": {"executed_lines": [], "summary": {"covered_lines": 0, "num_statements": 1, "percent_covered": 0.0, "percent_covered_display": "0", "missing_lines": 1, "excluded_lines": 0}, "missing_lines": [225], "excluded_lines": []}, "SessionMemory.extend_expiry": {"executed_lines": [], "summary": {"covered_lines": 0, "num_statements": 2, "percent_covered": 0.0, "percent_covered_display": "0", "missing_lines": 2, "excluded_lines": 0}, "missing_lines": [229, 231], "excluded_lines": []}, "MemorySearchResult.validate_similarity": {"executed_lines": [], "summary": {"covered_lines": 0, "num_statements": 3, "percent_covered": 0.0, "percent_covered_display": "0", "missing_lines": 3, "excluded_lines": 0}, "missing_lines": [247, 248, 249], "excluded_lines": []}, "MemorySearchResult.validate_rank": {"executed_lines": [], "summary": {"covered_lines": 0, "num_statements": 3, "percent_covered": 0.0, "percent_covered_display": "0", "missing_lines": 3, "excluded_lines": 0}, "missing_lines": [255, 256, 257], "excluded_lines": []}, "MemoryCreate.validate_memory_content": {"executed_lines": [], "summary": {"covered_lines": 0, "num_statements": 3, "percent_covered": 0.0, "percent_covered_display": "0", "missing_lines": 3, "excluded_lines": 0}, "missing_lines": [293, 294, 295], "excluded_lines": []}, "MemoryCreate.validate_user_id": {"executed_lines": [], "summary": {"covered_lines": 0, "num_statements": 3, "percent_covered": 0.0, "percent_covered_display": "0", "missing_lines": 3, "excluded_lines": 0}, "missing_lines": [301, 302, 303], "excluded_lines": []}, "MemoryCreate.validate_categories": {"executed_lines": [], "summary": {"covered_lines": 0, "num_statements": 10, "percent_covered": 0.0, "percent_covered_display": "0", "missing_lines": 10, "excluded_lines": 0}, "missing_lines": [309, 310, 312, 313, 314, 315, 316, 317, 318, 319], "excluded_lines": []}, "MemoryCreate.validate_relevance_score": {"executed_lines": [], "summary": {"covered_lines": 0, "num_statements": 3, "percent_covered": 0.0, "percent_covered_display": "0", "missing_lines": 3, "excluded_lines": 0}, "missing_lines": [325, 326, 327], "excluded_lines": []}, "MemoryCreate.ensure_dict": {"executed_lines": [], "summary": {"covered_lines": 0, "num_statements": 5, "percent_covered": 0.0, "percent_covered_display": "0", "missing_lines": 5, "excluded_lines": 0}, "missing_lines": [333, 334, 335, 336, 337], "excluded_lines": []}, "MemoryUpdate.validate_memory_content": {"executed_lines": [], "summary": {"covered_lines": 0, "num_statements": 5, "percent_covered": 0.0, "percent_covered_display": "0", "missing_lines": 5, "excluded_lines": 0}, "missing_lines": [379, 380, 381, 382, 383], "excluded_lines": []}, "MemoryUpdate.validate_categories": {"executed_lines": [], "summary": {"covered_lines": 0, "num_statements": 12, "percent_covered": 0.0, "percent_covered_display": "0", "missing_lines": 12, "excluded_lines": 0}, "missing_lines": [389, 390, 391, 393, 394, 395, 396, 397, 398, 399, 400, 401], "excluded_lines": []}, "MemoryUpdate.validate_relevance_score": {"executed_lines": [], "summary": {"covered_lines": 0, "num_statements": 4, "percent_covered": 0.0, "percent_covered_display": "0", "missing_lines": 4, "excluded_lines": 0}, "missing_lines": [407, 408, 409, 410], "excluded_lines": []}, "MemoryUpdate.ensure_dict": {"executed_lines": [], "summary": {"covered_lines": 0, "num_statements": 5, "percent_covered": 0.0, "percent_covered_display": "0", "missing_lines": 5, "excluded_lines": 0}, "missing_lines": [416, 417, 418, 419, 420], "excluded_lines": []}, "": {"executed_lines": [1, 7, 8, 9, 11, 14, 15, 17, 37, 38, 39, 40, 44, 47, 50, 51, 54, 55, 56, 57, 61, 62, 63, 69, 70, 71, 77, 78, 79, 93, 94, 95, 101, 102, 103, 111, 112, 116, 122, 128, 133, 134, 136, 155, 156, 157, 158, 159, 160, 161, 164, 167, 171, 172, 173, 180, 181, 182, 188, 189, 190, 196, 197, 198, 204, 205, 206, 212, 213, 214, 222, 223, 227, 234, 235, 237, 239, 240, 241, 243, 244, 245, 251, 252, 253, 260, 261, 263, 277, 278, 279, 282, 285, 289, 290, 291, 297, 298, 299, 305, 306, 307, 321, 322, 323, 329, 330, 331, 340, 341, 343, 364, 365, 368, 371, 375, 376, 377, 385, 386, 387, 403, 404, 405, 412, 413, 414], "summary": {"covered_lines": 121, "num_statements": 121, "percent_covered": 100.0, "percent_covered_display": "100", "missing_lines": 0, "excluded_lines": 0}, "missing_lines": [], "excluded_lines": []}}, "classes": {"Memory": {"executed_lines": [], "summary": {"covered_lines": 0, "num_statements": 32, "percent_covered": 0.0, "percent_covered_display": "0", "missing_lines": 32, "excluded_lines": 0}, "missing_lines": [65, 66, 67, 73, 74, 75, 81, 82, 84, 85, 86, 87, 88, 89, 90, 91, 97, 98, 99, 105, 106, 107, 108, 109, 114, 118, 119, 120, 124, 125, 126, 130], "excluded_lines": []}, "SessionMemory": {"executed_lines": [], "summary": {"covered_lines": 0, "num_statements": 24, "percent_covered": 0.0, "percent_covered_display": "0", "missing_lines": 24, "excluded_lines": 0}, "missing_lines": [175, 176, 177, 178, 184, 185, 186, 192, 193, 194, 200, 201, 202, 208, 209, 210, 216, 217, 218, 219, 220, 225, 229, 231], "excluded_lines": []}, "MemorySearchResult": {"executed_lines": [], "summary": {"covered_lines": 0, "num_statements": 6, "percent_covered": 0.0, "percent_covered_display": "0", "missing_lines": 6, "excluded_lines": 0}, "missing_lines": [247, 248, 249, 255, 256, 257], "excluded_lines": []}, "MemoryCreate": {"executed_lines": [], "summary": {"covered_lines": 0, "num_statements": 24, "percent_covered": 0.0, "percent_covered_display": "0", "missing_lines": 24, "excluded_lines": 0}, "missing_lines": [293, 294, 295, 301, 302, 303, 309, 310, 312, 313, 314, 315, 316, 317, 318, 319, 325, 326, 327, 333, 334, 335, 336, 337], "excluded_lines": []}, "MemoryUpdate": {"executed_lines": [], "summary": {"covered_lines": 0, "num_statements": 26, "percent_covered": 0.0, "percent_covered_display": "0", "missing_lines": 26, "excluded_lines": 0}, "missing_lines": [379, 380, 381, 382, 383, 389, 390, 391, 393, 394, 395, 396, 397, 398, 399, 400, 401, 407, 408, 409, 410, 416, 417, 418, 419, 420], "excluded_lines": []}, "": {"executed_lines": [1, 7, 8, 9, 11, 14, 15, 17, 37, 38, 39, 40, 44, 47, 50, 51, 54, 55, 56, 57, 61, 62, 63, 69, 70, 71, 77, 78, 79, 93, 94, 95, 101, 102, 103, 111, 112, 116, 122, 128, 133, 134, 136, 155, 156, 157, 158, 159, 160, 161, 164, 167, 171, 172, 173, 180, 181, 182, 188, 189, 190, 196, 197, 198, 204, 205, 206, 212, 213, 214, 222, 223, 227, 234, 235, 237, 239, 240, 241, 243, 244, 245, 251, 252, 253, 260, 261, 263, 277, 278, 279, 282, 285, 289, 290, 291, 297, 298, 299, 305, 306, 307, 321, 322, 323, 329, 330, 331, 340, 341, 343, 364, 365, 368, 371, 375, 376, 377, 385, 386, 387, 403, 404, 405, 412, 413, 414], "summary": {"covered_lines": 121, "num_statements": 121, "percent_covered": 100.0, "percent_covered_display": "100", "missing_lines": 0, "excluded_lines": 0}, "missing_lines": [], "excluded_lines": []}}}, "tripsage_core/models/db/price_history.py": {"executed_lines": [1, 7, 8, 9, 11, 13, 16, 17, 19, 20, 21, 22, 25, 26, 36, 37, 38, 39, 40, 42, 43, 44, 50, 51, 58, 59, 63, 64, 68, 69, 73, 74, 78, 79, 83, 84], "summary": {"covered_lines": 33, "num_statements": 45, "percent_covered": 73.33333333333333, "percent_covered_display": "73", "missing_lines": 12, "excluded_lines": 0}, "missing_lines": [46, 47, 48, 53, 54, 56, 61, 66, 71, 76, 81, 86], "excluded_lines": [], "functions": {"PriceHistory.validate_price": {"executed_lines": [], "summary": {"covered_lines": 0, "num_statements": 3, "percent_covered": 0.0, "percent_covered_display": "0", "missing_lines": 3, "excluded_lines": 0}, "missing_lines": [46, 47, 48], "excluded_lines": []}, "PriceHistory.is_recent": {"executed_lines": [], "summary": {"covered_lines": 0, "num_statements": 3, "percent_covered": 0.0, "percent_covered_display": "0", "missing_lines": 3, "excluded_lines": 0}, "missing_lines": [53, 54, 56], "excluded_lines": []}, "PriceHistory.formatted_timestamp": {"executed_lines": [], "summary": {"covered_lines": 0, "num_statements": 1, "percent_covered": 0.0, "percent_covered_display": "0", "missing_lines": 1, "excluded_lines": 0}, "missing_lines": [61], "excluded_lines": []}, "PriceHistory.formatted_price": {"executed_lines": [], "summary": {"covered_lines": 0, "num_statements": 1, "percent_covered": 0.0, "percent_covered_display": "0", "missing_lines": 1, "excluded_lines": 0}, "missing_lines": [66], "excluded_lines": []}, "PriceHistory.is_flight_price": {"executed_lines": [], "summary": {"covered_lines": 0, "num_statements": 1, "percent_covered": 0.0, "percent_covered_display": "0", "missing_lines": 1, "excluded_lines": 0}, "missing_lines": [71], "excluded_lines": []}, "PriceHistory.is_accommodation_price": {"executed_lines": [], "summary": {"covered_lines": 0, "num_statements": 1, "percent_covered": 0.0, "percent_covered_display": "0", "missing_lines": 1, "excluded_lines": 0}, "missing_lines": [76], "excluded_lines": []}, "PriceHistory.is_transportation_price": {"executed_lines": [], "summary": {"covered_lines": 0, "num_statements": 1, "percent_covered": 0.0, "percent_covered_display": "0", "missing_lines": 1, "excluded_lines": 0}, "missing_lines": [81], "excluded_lines": []}, "PriceHistory.is_activity_price": {"executed_lines": [], "summary": {"covered_lines": 0, "num_statements": 1, "percent_covered": 0.0, "percent_covered_display": "0", "missing_lines": 1, "excluded_lines": 0}, "missing_lines": [86], "excluded_lines": []}, "": {"executed_lines": [1, 7, 8, 9, 11, 13, 16, 17, 19, 20, 21, 22, 25, 26, 36, 37, 38, 39, 40, 42, 43, 44, 50, 51, 58, 59, 63, 64, 68, 69, 73, 74, 78, 79, 83, 84], "summary": {"covered_lines": 33, "num_statements": 33, "percent_covered": 100.0, "percent_covered_display": "100", "missing_lines": 0, "excluded_lines": 0}, "missing_lines": [], "excluded_lines": []}}, "classes": {"EntityType": {"executed_lines": [], "summary": {"covered_lines": 0, "num_statements": 0, "percent_covered": 100.0, "percent_covered_display": "100", "missing_lines": 0, "excluded_lines": 0}, "missing_lines": [], "excluded_lines": []}, "PriceHistory": {"executed_lines": [], "summary": {"covered_lines": 0, "num_statements": 12, "percent_covered": 0.0, "percent_covered_display": "0", "missing_lines": 12, "excluded_lines": 0}, "missing_lines": [46, 47, 48, 53, 54, 56, 61, 66, 71, 76, 81, 86], "excluded_lines": []}, "": {"executed_lines": [1, 7, 8, 9, 11, 13, 16, 17, 19, 20, 21, 22, 25, 26, 36, 37, 38, 39, 40, 42, 43, 44, 50, 51, 58, 59, 63, 64, 68, 69, 73, 74, 78, 79, 83, 84], "summary": {"covered_lines": 33, "num_statements": 33, "percent_covered": 100.0, "percent_covered_display": "100", "missing_lines": 0, "excluded_lines": 0}, "missing_lines": [], "excluded_lines": []}}}, "tripsage_core/models/db/saved_option.py": {"executed_lines": [1, 7, 8, 9, 11, 13, 16, 17, 19, 20, 21, 22, 25, 26, 37, 38, 39, 40, 41, 42, 44, 45, 46, 52, 53, 60, 61, 65, 66, 70, 71, 75, 76, 80, 81, 85, 86, 90], "summary": {"covered_lines": 35, "num_statements": 48, "percent_covered": 72.91666666666667, "percent_covered_display": "73", "missing_lines": 13, "excluded_lines": 0}, "missing_lines": [48, 49, 50, 55, 56, 58, 63, 68, 73, 78, 83, 88, 96], "excluded_lines": [], "functions": {"SavedOption.validate_option_id": {"executed_lines": [], "summary": {"covered_lines": 0, "num_statements": 3, "percent_covered": 0.0, "percent_covered_display": "0", "missing_lines": 3, "excluded_lines": 0}, "missing_lines": [48, 49, 50], "excluded_lines": []}, "SavedOption.is_recent": {"executed_lines": [], "summary": {"covered_lines": 0, "num_statements": 3, "percent_covered": 0.0, "percent_covered_display": "0", "missing_lines": 3, "excluded_lines": 0}, "missing_lines": [55, 56, 58], "excluded_lines": []}, "SavedOption.formatted_timestamp": {"executed_lines": [], "summary": {"covered_lines": 0, "num_statements": 1, "percent_covered": 0.0, "percent_covered_display": "0", "missing_lines": 1, "excluded_lines": 0}, "missing_lines": [63], "excluded_lines": []}, "SavedOption.is_flight": {"executed_lines": [], "summary": {"covered_lines": 0, "num_statements": 1, "percent_covered": 0.0, "percent_covered_display": "0", "missing_lines": 1, "excluded_lines": 0}, "missing_lines": [68], "excluded_lines": []}, "SavedOption.is_accommodation": {"executed_lines": [], "summary": {"covered_lines": 0, "num_statements": 1, "percent_covered": 0.0, "percent_covered_display": "0", "missing_lines": 1, "excluded_lines": 0}, "missing_lines": [73], "excluded_lines": []}, "SavedOption.is_transportation": {"executed_lines": [], "summary": {"covered_lines": 0, "num_statements": 1, "percent_covered": 0.0, "percent_covered_display": "0", "missing_lines": 1, "excluded_lines": 0}, "missing_lines": [78], "excluded_lines": []}, "SavedOption.is_activity": {"executed_lines": [], "summary": {"covered_lines": 0, "num_statements": 1, "percent_covered": 0.0, "percent_covered_display": "0", "missing_lines": 1, "excluded_lines": 0}, "missing_lines": [83], "excluded_lines": []}, "SavedOption.has_notes": {"executed_lines": [], "summary": {"covered_lines": 0, "num_statements": 1, "percent_covered": 0.0, "percent_covered_display": "0", "missing_lines": 1, "excluded_lines": 0}, "missing_lines": [88], "excluded_lines": []}, "SavedOption.update_notes": {"executed_lines": [], "summary": {"covered_lines": 0, "num_statements": 1, "percent_covered": 0.0, "percent_covered_display": "0", "missing_lines": 1, "excluded_lines": 0}, "missing_lines": [96], "excluded_lines": []}, "": {"executed_lines": [1, 7, 8, 9, 11, 13, 16, 17, 19, 20, 21, 22, 25, 26, 37, 38, 39, 40, 41, 42, 44, 45, 46, 52, 53, 60, 61, 65, 66, 70, 71, 75, 76, 80, 81, 85, 86, 90], "summary": {"covered_lines": 35, "num_statements": 35, "percent_covered": 100.0, "percent_covered_display": "100", "missing_lines": 0, "excluded_lines": 0}, "missing_lines": [], "excluded_lines": []}}, "classes": {"OptionType": {"executed_lines": [], "summary": {"covered_lines": 0, "num_statements": 0, "percent_covered": 100.0, "percent_covered_display": "100", "missing_lines": 0, "excluded_lines": 0}, "missing_lines": [], "excluded_lines": []}, "SavedOption": {"executed_lines": [], "summary": {"covered_lines": 0, "num_statements": 13, "percent_covered": 0.0, "percent_covered_display": "0", "missing_lines": 13, "excluded_lines": 0}, "missing_lines": [48, 49, 50, 55, 56, 58, 63, 68, 73, 78, 83, 88, 96], "excluded_lines": []}, "": {"executed_lines": [1, 7, 8, 9, 11, 13, 16, 17, 19, 20, 21, 22, 25, 26, 37, 38, 39, 40, 41, 42, 44, 45, 46, 52, 53, 60, 61, 65, 66, 70, 71, 75, 76, 80, 81, 85, 86, 90], "summary": {"covered_lines": 35, "num_statements": 35, "percent_covered": 100.0, "percent_covered_display": "100", "missing_lines": 0, "excluded_lines": 0}, "missing_lines": [], "excluded_lines": []}}}, "tripsage_core/models/db/search_parameters.py": {"executed_lines": [1, 7, 8, 10, 12, 15, 16, 25, 26, 27, 28, 32, 33, 41, 42, 50, 51, 59, 60, 83, 84, 92, 93], "summary": {"covered_lines": 21, "num_statements": 55, "percent_covered": 38.18181818181818, "percent_covered_display": "38", "missing_lines": 34, "excluded_lines": 0}, "missing_lines": [35, 44, 53, 62, 63, 64, 65, 66, 68, 69, 70, 71, 72, 74, 75, 76, 77, 78, 81, 86, 95, 96, 98, 99, 101, 102, 103, 104, 105, 106, 109, 110, 111, 113], "excluded_lines": [], "functions": {"SearchParameters.is_flight_search": {"executed_lines": [], "summary": {"covered_lines": 0, "num_statements": 1, "percent_covered": 0.0, "percent_covered_display": "0", "missing_lines": 1, "excluded_lines": 0}, "missing_lines": [35], "excluded_lines": []}, "SearchParameters.is_accommodation_search": {"executed_lines": [], "summary": {"covered_lines": 0, "num_statements": 1, "percent_covered": 0.0, "percent_covered_display": "0", "missing_lines": 1, "excluded_lines": 0}, "missing_lines": [44], "excluded_lines": []}, "SearchParameters.is_transportation_search": {"executed_lines": [], "summary": {"covered_lines": 0, "num_statements": 1, "percent_covered": 0.0, "percent_covered_display": "0", "missing_lines": 1, "excluded_lines": 0}, "missing_lines": [53], "excluded_lines": []}, "SearchParameters.search_summary": {"executed_lines": [], "summary": {"covered_lines": 0, "num_statements": 16, "percent_covered": 0.0, "percent_covered_display": "0", "missing_lines": 16, "excluded_lines": 0}, "missing_lines": [62, 63, 64, 65, 66, 68, 69, 70, 71, 72, 74, 75, 76, 77, 78, 81], "excluded_lines": []}, "SearchParameters.has_price_filter": {"executed_lines": [], "summary": {"covered_lines": 0, "num_statements": 1, "percent_covered": 0.0, "percent_covered_display": "0", "missing_lines": 1, "excluded_lines": 0}, "missing_lines": [86], "excluded_lines": []}, "SearchParameters.price_filter_summary": {"executed_lines": [], "summary": {"covered_lines": 0, "num_statements": 14, "percent_covered": 0.0, "percent_covered_display": "0", "missing_lines": 14, "excluded_lines": 0}, "missing_lines": [95, 96, 98, 99, 101, 102, 103, 104, 105, 106, 109, 110, 111, 113], "excluded_lines": []}, "": {"executed_lines": [1, 7, 8, 10, 12, 15, 16, 25, 26, 27, 28, 32, 33, 41, 42, 50, 51, 59, 60, 83, 84, 92, 93], "summary": {"covered_lines": 21, "num_statements": 21, "percent_covered": 100.0, "percent_covered_display": "100", "missing_lines": 0, "excluded_lines": 0}, "missing_lines": [], "excluded_lines": []}}, "classes": {"SearchParameters": {"executed_lines": [], "summary": {"covered_lines": 0, "num_statements": 34, "percent_covered": 0.0, "percent_covered_display": "0", "missing_lines": 34, "excluded_lines": 0}, "missing_lines": [35, 44, 53, 62, 63, 64, 65, 66, 68, 69, 70, 71, 72, 74, 75, 76, 77, 78, 81, 86, 95, 96, 98, 99, 101, 102, 103, 104, 105, 106, 109, 110, 111, 113], "excluded_lines": []}, "": {"executed_lines": [1, 7, 8, 10, 12, 15, 16, 25, 26, 27, 28, 32, 33, 41, 42, 50, 51, 59, 60, 83, 84, 92, 93], "summary": {"covered_lines": 21, "num_statements": 21, "percent_covered": 100.0, "percent_covered_display": "100", "missing_lines": 0, "excluded_lines": 0}, "missing_lines": [], "excluded_lines": []}}}, "tripsage_core/models/db/transportation.py": {"executed_lines": [1, 7, 8, 9, 11, 13, 16, 17, 19, 20, 21, 22, 23, 24, 25, 26, 29, 30, 32, 33, 34, 35, 38, 39, 53, 54, 55, 58, 61, 62, 63, 64, 65, 69, 70, 71, 77, 78, 84, 85, 90, 91, 95, 96, 100, 101, 109, 118], "summary": {"covered_lines": 44, "num_statements": 64, "percent_covered": 68.75, "percent_covered_display": "69", "missing_lines": 20, "excluded_lines": 0}, "missing_lines": [73, 74, 75, 80, 81, 82, 87, 88, 93, 98, 103, 112, 113, 114, 116, 128, 143, 144, 145, 146], "excluded_lines": [], "functions": {"Transportation.validate_price": {"executed_lines": [], "summary": {"covered_lines": 0, "num_statements": 3, "percent_covered": 0.0, "percent_covered_display": "0", "missing_lines": 3, "excluded_lines": 0}, "missing_lines": [73, 74, 75], "excluded_lines": []}, "Transportation.validate_dates": {"executed_lines": [], "summary": {"covered_lines": 0, "num_statements": 3, "percent_covered": 0.0, "percent_covered_display": "0", "missing_lines": 3, "excluded_lines": 0}, "missing_lines": [80, 81, 82], "excluded_lines": []}, "Transportation.duration_hours": {"executed_lines": [], "summary": {"covered_lines": 0, "num_statements": 2, "percent_covered": 0.0, "percent_covered_display": "0", "missing_lines": 2, "excluded_lines": 0}, "missing_lines": [87, 88], "excluded_lines": []}, "Transportation.is_booked": {"executed_lines": [], "summary": {"covered_lines": 0, "num_statements": 1, "percent_covered": 0.0, "percent_covered_display": "0", "missing_lines": 1, "excluded_lines": 0}, "missing_lines": [93], "excluded_lines": []}, "Transportation.is_canceled": {"execu
[...]
70, 274, 282, 286, 288, 289, 290, 291, 292, 293, 294, 295, 298, 301, 311], "excluded_lines": [], "functions": {"log_exception": {"executed_lines": [], "summary": {"covered_lines": 0, "num_statements": 10, "percent_covered": 0.0, "percent_covered_display": "0", "missing_lines": 10, "excluded_lines": 0}, "missing_lines": [41, 43, 45, 46, 54, 56, 57, 65, 67, 75], "excluded_lines": []}, "safe_execute_with_logging": {"executed_lines": [], "summary": {"covered_lines": 0, "num_statements": 1, "percent_covered": 0.0, "percent_covered_display": "0", "missing_lines": 1, "excluded_lines": 0}, "missing_lines": [97], "excluded_lines": []}, "with_error_handling_and_logging": {"executed_lines": [], "summary": {"covered_lines": 0, "num_statements": 1, "percent_covered": 0.0, "percent_covered_display": "0", "missing_lines": 1, "excluded_lines": 0}, "missing_lines": [115], "excluded_lines": []}, "create_mcp_error": {"executed_lines": [], "summary": {"covered_lines": 0, "num_statements": 2, "percent_covered": 0.0, "percent_covered_display": "0", "missing_lines": 2, "excluded_lines": 0}, "missing_lines": [144, 154], "excluded_lines": []}, "create_api_error": {"executed_lines": [], "summary": {"covered_lines": 0, "num_statements": 1, "percent_covered": 0.0, "percent_covered_display": "0", "missing_lines": 1, "excluded_lines": 0}, "missing_lines": [181], "excluded_lines": []}, "create_validation_error": {"executed_lines": [], "summary": {"covered_lines": 0, "num_statements": 1, "percent_covered": 0.0, "percent_covered_display": "0", "missing_lines": 1, "excluded_lines": 0}, "missing_lines": [207], "excluded_lines": []}, "create_database_error": {"executed_lines": [], "summary": {"covered_lines": 0, "num_statements": 1, "percent_covered": 0.0, "percent_covered_display": "0", "missing_lines": 1, "excluded_lines": 0}, "missing_lines": [234], "excluded_lines": []}, "TripSageErrorContext.__init__": {"executed_lines": [], "summary": {"covered_lines": 0, "num_statements": 5, "percent_covered": 0.0, "percent_covered_display": "0", "missing_lines": 5, "excluded_lines": 0}, "missing_lines": [266, 267, 268, 269, 270], "excluded_lines": []}, "TripSageErrorContext.__enter__": {"executed_lines": [], "summary": {"covered_lines": 0, "num_statements": 2, "percent_covered": 0.0, "percent_covered_display": "0", "missing_lines": 2, "excluded_lines": 0}, "missing_lines": [274, 282], "excluded_lines": []}, "TripSageErrorContext.__exit__": {"executed_lines": [], "summary": {"covered_lines": 0, "num_statements": 12, "percent_covered": 0.0, "percent_covered_display": "0", "missing_lines": 12, "excluded_lines": 0}, "missing_lines": [286, 288, 289, 290, 291, 292, 293, 294, 295, 298, 301, 311], "excluded_lines": []}, "": {"executed_lines": [1, 8, 10, 18, 21, 24, 26, 29, 30, 31, 34, 83, 100, 123, 164, 190, 215, 242, 246, 247, 249, 272, 284, 314], "summary": {"covered_lines": 22, "num_statements": 22, "percent_covered": 100.0, "percent_covered_display": "100", "missing_lines": 0, "excluded_lines": 0}, "missing_lines": [], "excluded_lines": []}}, "classes": {"TripSageErrorContext": {"executed_lines": [], "summary": {"covered_lines": 0, "num_statements": 19, "percent_covered": 0.0, "percent_covered_display": "0", "missing_lines": 19, "excluded_lines": 0}, "missing_lines": [266, 267, 268, 269, 270, 274, 282, 286, 288, 289, 290, 291, 292, 293, 294, 295, 298, 301, 311], "excluded_lines": []}, "": {"executed_lines": [1, 8, 10, 18, 21, 24, 26, 29, 30, 31, 34, 83, 100, 123, 164, 190, 215, 242, 246, 247, 249, 272, 284, 314], "summary": {"covered_lines": 22, "num_statements": 39, "percent_covered": 56.41025641025641, "percent_covered_display": "56", "missing_lines": 17, "excluded_lines": 0}, "missing_lines": [41, 43, 45, 46, 54, 56, 57, 65, 67, 75, 97, 115, 144, 154, 181, 207, 234], "excluded_lines": []}}}, "tripsage_core/utils/file_utils.py": {"executed_lines": [1, 9, 10, 11, 12, 14, 15, 20, 21, 22, 25, 40, 54, 74, 75, 76, 79, 102, 103, 105, 106, 109, 110, 111, 114, 191, 218, 263, 288, 305, 317, 327, 376, 400], "summary": {"covered_lines": 32, "num_statements": 123, "percent_covered": 26.016260162601625, "percent_covered_display": "26", "missing_lines": 91, "excluded_lines": 0}, "missing_lines": [128, 129, 131, 132, 135, 136, 140, 141, 151, 152, 156, 157, 158, 163, 165, 166, 174, 175, 176, 183, 202, 203, 204, 207, 208, 209, 212, 213, 215, 230, 232, 233, 236, 237, 238, 239, 240, 241, 242, 243, 244, 246, 247, 251, 252, 253, 254, 260, 277, 278, 279, 280, 281, 282, 285, 293, 294, 295, 296, 297, 300, 302, 307, 308, 311, 312, 314, 319, 321, 322, 323, 324, 340, 341, 345, 348, 349, 350, 351, 353, 354, 364, 365, 366, 367, 373, 388, 389, 392, 395, 397], "excluded_lines": [], "functions": {"validate_file": {"executed_lines": [], "summary": {"covered_lines": 0, "num_statements": 20, "percent_covered": 0.0, "percent_covered_display": "0", "missing_lines": 20, "excluded_lines": 0}, "missing_lines": [128, 129, 131, 132, 135, 136, 140, 141, 151, 152, 156, 157, 158, 163, 165, 166, 174, 175, 176, 183], "excluded_lines": []}, "_validate_filename": {"executed_lines": [], "summary": {"covered_lines": 0, "num_statements": 9, "percent_covered": 0.0, "percent_covered_display": "0", "missing_lines": 9, "excluded_lines": 0}, "missing_lines": [202, 203, 204, 207, 208, 209, 212, 213, 215], "excluded_lines": []}, "_detect_mime_type": {"executed_lines": [], "summary": {"covered_lines": 0, "num_statements": 19, "percent_covered": 0.0, "percent_covered_display": "0", "missing_lines": 19, "excluded_lines": 0}, "missing_lines": [230, 232, 233, 236, 237, 238, 239, 240, 241, 242, 243, 244, 246, 247, 251, 252, 253, 254, 260], "excluded_lines": []}, "_validate_file_content": {"executed_lines": [], "summary": {"covered_lines": 0, "num_statements": 7, "percent_covered": 0.0, "percent_covered_display": "0", "missing_lines": 7, "excluded_lines": 0}, "missing_lines": [277, 278, 279, 280, 281, 282, 285], "excluded_lines": []}, "_validate_image_content": {"executed_lines": [], "summary": {"covered_lines": 0, "num_statements": 7, "percent_covered": 0.0, "percent_covered_display": "0", "missing_lines": 7, "excluded_lines": 0}, "missing_lines": [293, 294, 295, 296, 297, 300, 302], "excluded_lines": []}, "_validate_pdf_content": {"executed_lines": [], "summary": {"covered_lines": 0, "num_statements": 5, "percent_covered": 0.0, "percent_covered_display": "0", "missing_lines": 5, "excluded_lines": 0}, "missing_lines": [307, 308, 311, 312, 314], "excluded_lines": []}, "_validate_text_content": {"executed_lines": [], "summary": {"covered_lines": 0, "num_statements": 5, "percent_covered": 0.0, "percent_covered_display": "0", "missing_lines": 5, "excluded_lines": 0}, "missing_lines": [319, 321, 322, 323, 324], "excluded_lines": []}, "validate_batch_upload": {"executed_lines": [], "summary": {"covered_lines": 0, "num_statements": 14, "percent_covered": 0.0, "percent_covered_display": "0", "missing_lines": 14, "excluded_lines": 0}, "missing_lines": [340, 341, 345, 348, 349, 350, 351, 353, 354, 364, 365, 366, 367, 373], "excluded_lines": []}, "generate_safe_filename": {"executed_lines": [], "summary": {"covered_lines": 0, "num_statements": 5, "percent_covered": 0.0, "percent_covered_display": "0", "missing_lines": 5, "excluded_lines": 0}, "missing_lines": [388, 389, 392, 395, 397], "excluded_lines": []}, "": {"executed_lines": [1, 9, 10, 11, 12, 14, 15, 20, 21, 22, 25, 40, 54, 74, 75, 76, 79, 102, 103, 105, 106, 109, 110, 111, 114, 191, 218, 263, 288, 305, 317, 327, 376, 400], "summary": {"covered_lines": 32, "num_statements": 32, "percent_covered": 100.0, "percent_covered_display": "100", "missing_lines": 0, "excluded_lines": 0}, "missing_lines": [], "excluded_lines": []}}, "classes": {"ValidationResult": {"executed_lines": [], "summary": {"covered_lines": 0, "num_statements": 0, "percent_covered": 100.0, "percent_covered_display": "100", "missing_lines": 0, "excluded_lines": 0}, "missing_lines": [], "excluded_lines": []}, "": {"executed_lines": [1, 9, 10, 11, 12, 14, 15, 20, 21, 22, 25, 40, 54, 74, 75, 76, 79, 102, 103, 105, 106, 109, 110, 111, 114, 191, 218, 263, 288, 305, 317, 327, 376, 400], "summary": {"covered_lines": 32, "num_statements": 123, "percent_covered": 26.016260162601625, "percent_covered_display": "26", "missing_lines": 91, "excluded_lines": 0}, "missing_lines": [128, 129, 131, 132, 135, 136, 140, 141, 151, 152, 156, 157, 158, 163, 165, 166, 174, 175, 176, 183, 202, 203, 204, 207, 208, 209, 212, 213, 215, 230, 232, 233, 236, 237, 238, 239, 240, 241, 242, 243, 244, 246, 247, 251, 252, 253, 254, 260, 277, 278, 279, 280, 281, 282, 285, 293, 294, 295, 296, 297, 300, 302, 307, 308, 311, 312, 314, 319, 321, 322, 323, 324, 340, 341, 345, 348, 349, 350, 351, 353, 354, 364, 365, 366, 367, 373, 388, 389, 392, 395, 397], "excluded_lines": []}}}, "tripsage_core/utils/logging_utils.py": {"executed_lines": [1, 9, 10, 11, 12, 13, 14, 16, 19, 22, 23, 25, 48, 50, 51, 58, 61, 120, 146, 147, 149, 158, 159, 161, 162, 164, 166, 169, 201, 225, 240], "summary": {"covered_lines": 29, "num_statements": 76, "percent_covered": 38.1578947368421, "percent_covered_display": "38", "missing_lines": 47, "excluded_lines": 0}, "missing_lines": [36, 39, 40, 43, 45, 80, 81, 83, 84, 87, 88, 91, 92, 95, 96, 99, 100, 102, 105, 106, 107, 109, 110, 113, 114, 117, 151, 152, 153, 155, 175, 176, 179, 180, 181, 184, 187, 188, 191, 194, 197, 213, 214, 215, 217, 237, 246], "excluded_lines": [], "functions": {"ContextAdapter.process": {"executed_lines": [], "summary": {"covered_lines": 0, "num_statements": 5, "percent_covered": 0.0, "percent_covered_display": "0", "missing_lines": 5, "excluded_lines": 0}, "missing_lines": [36, 39, 40, 43, 45], "excluded_lines": []}, "_get_log_level": {"executed_lines": [50, 51, 58], "summary": {"covered_lines": 3, "num_statements": 3, "percent_covered": 100.0, "percent_covered_display": "100", "missing_lines": 0, "excluded_lines": 0}, "missing_lines": [], "excluded_lines": []}, "configure_logging": {"executed_lines": [], "summary": {"covered_lines": 0, "num_statements": 21, "percent_covered": 0.0, "percent_covered_display": "0", "missing_lines": 21, "excluded_lines": 0}, "missing_lines": [80, 81, 83, 84, 87, 88, 91, 92, 95, 96, 99, 100, 102, 105, 106, 107, 109, 110, 113, 114, 117], "excluded_lines": []}, "get_logger": {"executed_lines": [146, 147, 149, 158, 159, 161, 162, 164, 166], "summary": {"covered_lines": 9, "num_statements": 13, "percent_covered": 69.23076923076923, "percent_covered_display": "69", "missing_lines": 4, "excluded_lines": 0}, "missing_lines": [151, 152, 153, 155], "excluded_lines": []}, "configure_root_logger": {"executed_lines": [], "summary": {"covered_lines": 0, "num_statements": 11, "percent_covered": 0.0, "percent_covered_display": "0", "missing_lines": 11, "excluded_lines": 0}, "missing_lines": [175, 176, 179, 180, 181, 184, 187, 188, 191, 194, 197], "excluded_lines": []}, "log_exception": {"executed_lines": [], "summary": {"covered_lines": 0, "num_statements": 4, "percent_covered": 0.0, "percent_covered_display": "0", "missing_lines": 4, "excluded_lines": 0}, "missing_lines": [213, 214, 215, 217], "excluded_lines": []}, "get_module_logger": {"executed_lines": [], "summary": {"covered_lines": 0, "num_statements": 1, "percent_covered": 0.0, "percent_covered_display": "0", "missing_lines": 1, "excluded_lines": 0}, "missing_lines": [237], "excluded_lines": []}, "setup_logging": {"executed_lines": [], "summary": {"covered_lines": 0, "num_statements": 1, "percent_covered": 0.0, "percent_covered_display": "0", "missing_lines": 1, "excluded_lines": 0}, "missing_lines": [246], "excluded_lines": []}, "": {"executed_lines": [1, 9, 10, 11, 12, 13, 14, 16, 19, 22, 23, 25, 48, 61, 120, 169, 201, 225, 240], "summary": {"covered_lines": 17, "num_statements": 17, "percent_covered": 100.0, "percent_covered_display": "100", "missing_lines": 0, "excluded_lines": 0}, "missing_lines": [], "excluded_lines": []}}, "classes": {"ContextAdapter": {"executed_lines": [], "summary": {"covered_lines": 0, "num_statements": 5, "percent_covered": 0.0, "percent_covered_display": "0", "missing_lines": 5, "excluded_lines": 0}, "missing_lines": [36, 39, 40, 43, 45], "excluded_lines": []}, "": {"executed_lines": [1, 9, 10, 11, 12, 13, 14, 16, 19, 22, 23, 25, 48, 50, 51, 58, 61, 120, 146, 147, 149, 158, 159, 161, 162, 164, 166, 169, 201, 225, 240], "summary": {"covered_lines": 29, "num_statements": 71, "percent_covered": 40.84507042253521, "percent_covered_display": "41", "missing_lines": 42, "excluded_lines": 0}, "missing_lines": [80, 81, 83, 84, 87, 88, 91, 92, 95, 96, 99, 100, 102, 105, 106, 107, 109, 110, 113, 114, 117, 151, 152, 153, 155, 175, 176, 179, 180, 181, 184, 187, 188, 191, 194, 197, 213, 214, 215, 217, 237, 246], "excluded_lines": []}}}, "tripsage_core/utils/session_utils.py": {"executed_lines": [1, 16, 18, 20, 22, 26, 27, 29, 30, 33, 34, 36, 37, 38, 39, 42, 47, 48, 50, 51, 52, 53, 54, 55, 58, 134, 194, 267, 301, 331, 373, 374, 380, 391, 403, 412, 420, 424, 440, 457, 478], "summary": {"covered_lines": 36, "num_statements": 131, "percent_covered": 27.480916030534353, "percent_covered_display": "27", "missing_lines": 95, "excluded_lines": 0}, "missing_lines": [70, 73, 82, 83, 85, 87, 90, 94, 96, 97, 98, 99, 102, 105, 106, 107, 108, 111, 120, 125, 127, 128, 131, 152, 154, 162, 164, 166, 169, 170, 175, 176, 181, 182, 186, 187, 188, 189, 191, 215, 217, 219, 221, 224, 232, 242, 243, 246, 252, 253, 259, 260, 261, 278, 280, 283, 290, 291, 292, 294, 296, 297, 298, 312, 314, 315, 321, 322, 324, 326, 327, 328, 342, 344, 351, 357, 358, 364, 365, 367, 368, 369, 387, 388, 389, 401, 410, 418, 422, 430, 451, 454, 467, 468, 471], "excluded_lines": [], "functions": {"initialize_session_memory": {"executed_lines": [], "summary": {"covered_lines": 0, "num_statements": 23, "percent_covered": 0.0, "percent_covered_display": "0", "missing_lines": 23, "excluded_lines": 0}, "missing_lines": [70, 73, 82, 83, 85, 87, 90, 94, 96, 97, 98, 99, 102, 105, 106, 107, 108, 111, 120, 125, 127, 128, 131], "excluded_lines": []}, "update_session_memory": {"executed_lines": [], "summary": {"covered_lines": 0, "num_statements": 16, "percent_covered": 0.0, "percent_covered_display": "0", "missing_lines": 16, "excluded_lines": 0}, "missing_lines": [152, 154, 162, 164, 166, 169, 170, 175, 176, 181, 182, 186, 187, 188, 189, 191], "excluded_lines": []}, "store_session_summary": {"executed_lines": [], "summary": {"covered_lines": 0, "num_statements": 14, "percent_covered": 0.0, "percent_covered_display": "0", "missing_lines": 14, "excluded_lines": 0}, "missing_lines": [215, 217, 219, 221, 224, 232, 242, 243, 246, 252, 253, 259, 260, 261], "excluded_lines": []}, "_update_user_preferences_memory": {"executed_lines": [], "summary": {"covered_lines": 0, "num_statements": 10, "percent_covered": 0.0, "percent_covered_display": "0", "missing_lines": 10, "excluded_lines": 0}, "missing_lines": [278, 280, 283, 290, 291, 292, 294, 296, 297, 298], "excluded_lines": []}, "_process_learned_facts": {"executed_lines": [], "summary": {"covered_lines": 0, "num_statements": 9, "percent_covered": 0.0, "percent_covered_display": "0", "missing_lines": 9, "excluded_lines": 0}, "missing_lines": [312, 314, 315, 321, 322, 324, 326, 327, 328], "excluded_lines": []}, "_process_conversation_context": {"executed_lines": [], "summary": {"covered_lines": 0, "num_statements": 10, "percent_covered": 0.0, "percent_covered_display": "0", "missing_lines": 10, "excluded_lines": 0}, "missing_lines": [342, 344, 351, 357, 358, 364, 365, 367, 368, 369], "excluded_lines": []}, "SessionMemory.__init__": {"executed_lines": [], "summary": {"covered_lines": 0, "num_statements": 3, "percent_covered": 0.0, "percent_covered_display": "0", "missing_lines": 3, "excluded_lines": 0}, "missing_lines": [387, 388, 389], "excluded_lines": []}, "SessionMemory.get": {"executed_lines": [], "summary": {"covered_lines": 0, "num_statements": 1, "percent_covered": 0.0, "percent_covered_display": "0", "missing_lines": 1, "excluded_lines": 0}, "missing_lines": [401], "excluded_lines": []}, "SessionMemory.set": {"executed_lines": [], "summary": {"covered_lines": 0, "num_statements": 1, "percent_covered": 0.0, "percent_covered_display": "0", "missing_lines": 1, "excluded_lines": 0}, "missing_lines": [410], "excluded_lines": []}, "SessionMemory.update": {"executed_lines": [], "summary": {"covered_lines": 0, "num_statements": 1, "percent_covered": 0.0, "percent_covered_display": "0", "missing_lines": 1, "excluded_lines": 0}, "missing_lines": [418], "excluded_lines": []}, "SessionMemory.clear": {"executed_lines": [], "summary": {"covered_lines": 0, "num_statements": 1, "percent_covered": 0.0, "percent_covered_display": "0", "missing_lines": 1, "excluded_lines": 0}, "missing_lines": [422], "excluded_lines": []}, "SessionMemory.to_dict": {"executed_lines": [], "summary": {"covered_lines": 0, "num_statements": 1, "percent_covered": 0.0, "percent_covered_display": "0", "missing_lines": 1, "excluded_lines": 0}, "missing_lines": [430], "excluded_lines": []}, "get_session_memory_legacy": {"executed_lines": [], "summary": {"covered_lines": 0, "num_statements": 2, "percent_covered": 0.0, "percent_covered_display": "0", "missing_lines": 2, "excluded_lines": 0}, "missing_lines": [451, 454], "excluded_lines": []}, "update_memory_legacy": {"executed_lines": [], "summary": {"covered_lines": 0, "num_statements": 3, "percent_covered": 0.0, "percent_covered_display": "0", "missing_lines": 3, "excluded_lines": 0}, "missing_lines": [467, 468, 471], "excluded_lines": []}, "": {"executed_lines": [1, 16, 18, 20, 22, 26, 27, 29, 30, 33, 34, 36, 37, 38, 39, 42, 47, 48, 50, 51, 52, 53, 54, 55, 58, 134, 194, 267, 301, 331, 373, 374, 380, 391, 403, 412, 420, 424, 440, 457, 478], "summary": {"covered_lines": 36, "num_statements": 36, "percent_covered": 100.0, "percent_covered_display": "100", "missing_lines": 0, "excluded_lines": 0}, "missing_lines": [], "excluded_lines": []}}, "classes": {"ConversationMessage": {"executed_lines": [], "summary": {"covered_lines": 0, "num_statements": 0, "percent_covered": 100.0, "percent_covered_display": "100", "missing_lines": 0, "excluded_lines": 0}, "missing_lines": [], "excluded_lines": []}, "SessionSummary": {"executed_lines": [], "summary": {"covered_lines": 0, "num_statements": 0, "percent_covered": 100.0, "percent_covered_display": "100", "missing_lines": 0, "excluded_lines": 0}, "missing_lines": [], "excluded_lines": []}, "UserPreferences": {"executed_lines": [], "summary": {"covered_lines": 0, "num_statements": 0, "percent_covered": 100.0, "percent_covered_display": "100", "missing_lines": 0, "excluded_lines": 0}, "missing_lines": [], "excluded_lines": []}, "SessionMemory": {"executed_lines": [], "summary": {"covered_lines": 0, "num_statements": 8, "percent_covered": 0.0, "percent_covered_display": "0", "missing_lines": 8, "excluded_lines": 0}, "missing_lines": [387, 388, 389, 401, 410, 418, 422, 430], "excluded_lines": []}, "": {"executed_lines": [1, 16, 18, 20, 22, 26, 27, 29, 30, 33, 34, 36, 37, 38, 39, 42, 47, 48, 50, 51, 52, 53, 54, 55, 58, 134, 194, 267, 301, 331, 373, 374, 380, 391, 403, 412, 420, 424, 440, 457, 478], "summary": {"covered_lines": 36, "num_statements": 123, "percent_covered": 29.26829268292683, "percent_covered_display": "29", "missing_lines": 87, "excluded_lines": 0}, "missing_lines": [70, 73, 82, 83, 85, 87, 90, 94, 96, 97, 98, 99, 102, 105, 106, 107, 108, 111, 120, 125, 127, 128, 131, 152, 154, 162, 164, 166, 169, 170, 175, 176, 181, 182, 186, 187, 188, 189, 191, 215, 217, 219, 221, 224, 232, 242, 243, 246, 252, 253, 259, 260, 261, 278, 280, 283, 290, 291, 292, 294, 296, 297, 298, 312, 314, 315, 321, 322, 324, 326, 327, 328, 342, 344, 351, 357, 358, 364, 365, 367, 368, 369, 451, 454, 467, 468, 471], "excluded_lines": []}}}}, "totals": {"covered_lines": 3516, "num_statements": 10201, "percent_covered": 34.46720909714734, "percent_covered_display": "34", "missing_lines": 6685, "excluded_lines": 10}}